<?xml version="1.0" encoding="UTF-8"?>
<testsuite xmlns:xsi="http://www.w3.org/2001/XMLSchema-instance" xsi:noNamespaceSchemaLocation="https://maven.apache.org/surefire/maven-surefire-plugin/xsd/surefire-test-report.xsd" version="3.0.2" name="com.myapp.weather.WeatherApplicationTests" time="4.516" tests="1" errors="0" skipped="0" failures="0">
  <properties>
[...]
</properties>
  <testcase name="contextLoads" classname="com.myapp.weather.WeatherApplicationTests" time="0.406">
    <system-out><![CDATA[16:42:33.245 [main] INFO org.springframework.test.context.support.AnnotationConfigContextLoaderUtils -- Could not detect default configuration classes for test class [com.myapp.weather.WeatherApplicationTests]: WeatherApplicationTests does not declare any static, non-private, non-final, nested classes annotated with @Configuration.
16:42:33.318 [main] INFO org.springframework.boot.test.context.SpringBootTestContextBootstrapper -- Found @SpringBootConfiguration com.myapp.weather.WeatherApplication for test class com.myapp.weather.WeatherApplicationTests

  .   ____          _            __ _ _
 /\\ / ___'_ __ _ _(_)_ __  __ _ \ \ \ \
( ( )\___ | '_ | '_| | '_ \/ _` | \ \ \ \
 \\/  ___)| |_)| | | | | || (_| |  ) ) ) )
  '  |____| .__|_| |_|_| |_\__, | / / / /
 =========|_|==============|___/=/_/_/_/

 :: Spring Boot ::                (v3.4.2)

2025-05-11T16:42:33.650+05:30  INFO [weather,,] 82161 --- [weather] [           main] c.myapp.weather.WeatherApplicationTests  : Starting WeatherApplicationTests using Java 17.0.15 with PID 82161 (started by yogita in /home/yogita/test4/may1/software/ActualSoftwareTest)
2025-05-11T16:42:33.651+05:30  INFO [weather,,] 82161 --- [weather] [           main] c.myapp.weather.WeatherApplicationTests  : The following 1 profile is active: "dev"
2025-05-11T16:42:33.652+05:30 DEBUG [weather,,] 82161 --- [weather] [           main] o.s.boot.SpringApplication               : Loading source class com.myapp.weather.WeatherApplication
2025-05-11T16:42:33.672+05:30 DEBUG [weather,,] 82161 --- [weather] [           main] o.s.w.c.s.GenericWebApplicationContext   : Refreshing org.springframework.web.context.support.GenericWebApplicationContext@3c1e23ff
2025-05-11T16:42:33.686+05:30 DEBUG [weather,,] 82161 --- [weather] [           main] o.s.b.f.s.DefaultListableBeanFactory     : Creating shared instance of singleton bean 'org.springframework.context.annotation.internalConfigurationAnnotationProcessor'
2025-05-11T16:42:33.696+05:30 DEBUG [weather,,] 82161 --- [weather] [           main] o.s.b.f.s.DefaultListableBeanFactory     : Creating shared instance of singleton bean 'org.springframework.boot.autoconfigure.internalCachingMetadataReaderFactory'
2025-05-11T16:42:33.729+05:30 DEBUG [weather,,] 82161 --- [weather] [           main] o.s.c.a.ClassPathBeanDefinitionScanner   : Identified candidate component class: file [/home/yogita/test4/may1/software/ActualSoftwareTest/target/classes/com/myapp/weather/controller/WeatherController.class]
2025-05-11T16:42:34.327+05:30  INFO [weather,,] 82161 --- [weather] [           main] .s.d.r.c.RepositoryConfigurationDelegate : Bootstrapping Spring Data JPA repositories in DEFAULT mode.
2025-05-11T16:42:34.334+05:30 DEBUG [weather,,] 82161 --- [weather] [           main] o.s.b.f.s.DefaultListableBeanFactory     : Creating shared instance of singleton bean 'org.springframework.boot.autoconfigure.AutoConfigurationPackages'
2025-05-11T16:42:34.339+05:30 DEBUG [weather,,] 82161 --- [weather] [           main] o.s.b.a.AutoConfigurationPackages        : @EnableAutoConfiguration was declared on a class in the package 'com.myapp.weather'. Automatic @Repository and @Entity scanning is enabled.
2025-05-11T16:42:34.340+05:30 DEBUG [weather,,] 82161 --- [weather] [           main] .s.d.r.c.RepositoryConfigurationDelegate : Scanning for JPA repositories in packages com.myapp.weather.
2025-05-11T16:42:34.346+05:30 DEBUG [weather,,] 82161 --- [weather] [           main] o.s.d.r.c.RepositoryComponentProvider    : Identified candidate component class: file [/home/yogita/test4/may1/software/ActualSoftwareTest/target/classes/com/myapp/weather/repository/WeatherRepository.class]
2025-05-11T16:42:34.366+05:30  INFO [weather,,] 82161 --- [weather] [           main] .s.d.r.c.RepositoryConfigurationDelegate : Finished Spring Data repository scanning in 25 ms. Found 1 JPA repository interface.
2025-05-11T16:42:34.471+05:30 DEBUG [weather,,] 82161 --- [weather] [           main] o.s.b.f.s.DefaultListableBeanFactory     : Creating shared instance of singleton bean 'propertySourcesPlaceholderConfigurer'
2025-05-11T16:42:34.477+05:30 DEBUG [weather,,] 82161 --- [weather] [           main] o.s.b.f.s.DefaultListableBeanFactory     : Creating shared instance of singleton bean 'org.springframework.boot.test.mock.mockito.MockitoPostProcessor'
2025-05-11T16:42:34.478+05:30 DEBUG [weather,,] 82161 --- [weather] [           main] o.s.b.f.s.DefaultListableBeanFactory     : Creating shared instance of singleton bean 'emBeanDefinitionRegistrarPostProcessor'
2025-05-11T16:42:34.479+05:30 DEBUG [weather,,] 82161 --- [weather] [           main] o.s.b.f.s.DefaultListableBeanFactory     : Creating shared instance of singleton bean 'org.springframework.boot.sql.init.dependency.DatabaseInitializationDependencyConfigurer$DependsOnDatabaseInitializationPostProcessor'
2025-05-11T16:42:34.521+05:30 DEBUG [weather,,] 82161 --- [weather] [           main] o.s.b.f.s.DefaultListableBeanFactory     : Creating shared instance of singleton bean 'org.springframework.context.event.internalEventListenerProcessor'
2025-05-11T16:42:34.522+05:30 DEBUG [weather,,] 82161 --- [weather] [           main] o.s.b.f.s.DefaultListableBeanFactory     : Creating shared instance of singleton bean 'preserveErrorControllerTargetClassPostProcessor'
2025-05-11T16:42:34.523+05:30 DEBUG [weather,,] 82161 --- [weather] [           main] o.s.b.f.s.DefaultListableBeanFactory     : Creating shared instance of singleton bean 'org.springframework.context.event.internalEventListenerFactory'
2025-05-11T16:42:34.524+05:30 DEBUG [weather,,] 82161 --- [weather] [           main] o.s.b.f.s.DefaultListableBeanFactory     : Creating shared instance of singleton bean 'org.springframework.transaction.config.internalTransactionalEventListenerFactory'
2025-05-11T16:42:34.528+05:30 DEBUG [weather,,] 82161 --- [weather] [           main] o.s.b.f.s.DefaultListableBeanFactory     : Creating shared instance of singleton bean 'org.springframework.boot.test.mock.mockito.MockitoPostProcessor$SpyPostProcessor'
2025-05-11T16:42:34.529+05:30 DEBUG [weather,,] 82161 --- [weather] [           main] o.s.b.f.s.DefaultListableBeanFactory     : Creating shared instance of singleton bean 'org.springframework.context.annotation.internalAutowiredAnnotationProcessor'
2025-05-11T16:42:34.530+05:30 DEBUG [weather,,] 82161 --- [weather] [           main] o.s.b.f.s.DefaultListableBeanFactory     : Creating shared instance of singleton bean 'org.springframework.context.annotation.internalCommonAnnotationProcessor'
2025-05-11T16:42:34.533+05:30 DEBUG [weather,,] 82161 --- [weather] [           main] o.s.b.f.s.DefaultListableBeanFactory     : Creating shared instance of singleton bean 'org.springframework.context.annotation.internalPersistenceAnnotationProcessor'
2025-05-11T16:42:34.534+05:30 DEBUG [weather,,] 82161 --- [weather] [           main] o.s.b.f.s.DefaultListableBeanFactory     : Creating shared instance of singleton bean 'org.springframework.boot.context.properties.ConfigurationPropertiesBindingPostProcessor'
2025-05-11T16:42:34.534+05:30 DEBUG [weather,,] 82161 --- [weather] [           main] o.s.b.f.s.DefaultListableBeanFactory     : Creating shared instance of singleton bean 'org.springframework.boot.context.internalConfigurationPropertiesBinder'
2025-05-11T16:42:34.536+05:30 DEBUG [weather,,] 82161 --- [weather] [           main] o.s.b.f.s.DefaultListableBeanFactory     : Creating shared instance of singleton bean 'jdbcConnectionDetailsHikariBeanPostProcessor'
2025-05-11T16:42:34.538+05:30 DEBUG [weather,,] 82161 --- [weather] [           main] o.s.b.f.s.DefaultListableBeanFactory     : Creating shared instance of singleton bean 'org.springframework.aop.config.internalAutoProxyCreator'
2025-05-11T16:42:34.550+05:30 DEBUG [weather,,] 82161 --- [weather] [           main] o.s.b.f.s.DefaultListableBeanFactory     : Creating shared instance of singleton bean 'persistenceExceptionTranslationPostProcessor'
2025-05-11T16:42:34.552+05:30 DEBUG [weather,,] 82161 --- [weather] [           main] o.s.b.f.s.DefaultListableBeanFactory     : Autowiring by type from bean name 'persistenceExceptionTranslationPostProcessor' via factory method to bean named 'environment'
2025-05-11T16:42:34.554+05:30 DEBUG [weather,,] 82161 --- [weather] [           main] o.s.b.f.s.DefaultListableBeanFactory     : Creating shared instance of singleton bean 'webServerFactoryCustomizerBeanPostProcessor'
2025-05-11T16:42:34.555+05:30 DEBUG [weather,,] 82161 --- [weather] [           main] o.s.b.f.s.DefaultListableBeanFactory     : Creating shared instance of singleton bean 'errorPageRegistrarBeanPostProcessor'
2025-05-11T16:42:34.556+05:30 DEBUG [weather,,] 82161 --- [weather] [           main] o.s.b.f.s.DefaultListableBeanFactory     : Creating shared instance of singleton bean 'healthEndpointGroupsBeanPostProcessor'
2025-05-11T16:42:34.557+05:30 DEBUG [weather,,] 82161 --- [weather] [           main] o.s.b.f.s.DefaultListableBeanFactory     : Creating shared instance of singleton bean 'org.springframework.transaction.config.internalTransactionAdvisor'
2025-05-11T16:42:34.557+05:30 DEBUG [weather,,] 82161 --- [weather] [           main] o.s.b.f.s.DefaultListableBeanFactory     : Creating shared instance of singleton bean 'org.springframework.transaction.annotation.ProxyTransactionManagementConfiguration'
2025-05-11T16:42:34.570+05:30 DEBUG [weather,,] 82161 --- [weather] [           main] .s.a.a.a.ReflectiveAspectJAdvisorFactory : Found AspectJ method: public java.lang.Object io.micrometer.observation.aop.ObservedAspect.observeClass(org.aspectj.lang.ProceedingJoinPoint) throws java.lang.Throwable
2025-05-11T16:42:34.571+05:30 DEBUG [weather,,] 82161 --- [weather] [           main] .s.a.a.a.ReflectiveAspectJAdvisorFactory : Found AspectJ method: public java.lang.Object io.micrometer.observation.aop.ObservedAspect.observeMethod(org.aspectj.lang.ProceedingJoinPoint) throws java.lang.Throwable
2025-05-11T16:42:34.664+05:30 DEBUG [weather,,] 82161 --- [weather] [           main] o.s.b.f.s.DefaultListableBeanFactory     : Creating shared instance of singleton bean 'transactionAttributeSource'
2025-05-11T16:42:34.669+05:30 DEBUG [weather,,] 82161 --- [weather] [           main] o.s.b.f.s.DefaultListableBeanFactory     : Creating shared instance of singleton bean 'transactionInterceptor'
2025-05-11T16:42:34.670+05:30 DEBUG [weather,,] 82161 --- [weather] [           main] o.s.b.f.s.DefaultListableBeanFactory     : Autowiring by type from bean name 'transactionInterceptor' via factory method to bean named 'transactionAttributeSource'
2025-05-11T16:42:34.673+05:30 DEBUG [weather,,] 82161 --- [weather] [           main] o.s.b.f.s.DefaultListableBeanFactory     : Autowiring by type from bean name 'org.springframework.transaction.config.internalTransactionAdvisor' via factory method to bean named 'transactionAttributeSource'
2025-05-11T16:42:34.673+05:30 DEBUG [weather,,] 82161 --- [weather] [           main] o.s.b.f.s.DefaultListableBeanFactory     : Autowiring by type from bean name 'org.springframework.transaction.config.internalTransactionAdvisor' via factory method to bean named 'transactionInterceptor'
2025-05-11T16:42:34.678+05:30 DEBUG [weather,,] 82161 --- [weather] [           main] o.s.b.f.s.DefaultListableBeanFactory     : Creating shared instance of singleton bean 'meterRegistryPostProcessor'
2025-05-11T16:42:34.679+05:30 DEBUG [weather,,] 82161 --- [weather] [           main] o.s.b.f.s.DefaultListableBeanFactory     : Autowiring by type from bean name 'meterRegistryPostProcessor' via factory method to bean named 'org.springframework.web.context.support.GenericWebApplicationContext@3c1e23ff'
2025-05-11T16:42:34.684+05:30 DEBUG [weather,,] 82161 --- [weather] [           main] o.s.b.f.s.DefaultListableBeanFactory     : Creating shared instance of singleton bean 'metricsRepositoryMethodInvocationListenerBeanPostProcessor'
2025-05-11T16:42:34.687+05:30 DEBUG [weather,,] 82161 --- [weather] [           main] o.s.b.f.s.DefaultListableBeanFactory     : Creating shared instance of singleton bean 'observationRegistryPostProcessor'
2025-05-11T16:42:34.689+05:30 DEBUG [weather,,] 82161 --- [weather] [           main] o.s.b.f.s.DefaultListableBeanFactory     : Creating shared instance of singleton bean 'projectingArgumentResolverBeanPostProcessor'
2025-05-11T16:42:34.702+05:30 DEBUG [weather,,] 82161 --- [weather] [           main] o.s.u.c.s.UiApplicationContextUtils      : Unable to locate ThemeSource with name 'themeSource': using default [org.springframework.ui.context.support.ResourceBundleThemeSource@20440c6c]
2025-05-11T16:42:34.703+05:30 DEBUG [weather,,] 82161 --- [weather] [           main] o.s.b.f.s.DefaultListableBeanFactory     : Creating shared instance of singleton bean 'org.springframework.test.context.support.internalDynamicPropertyRegistrarBeanInitializer'
2025-05-11T16:42:34.706+05:30 DEBUG [weather,,] 82161 --- [weather] [           main] o.s.b.f.s.DefaultListableBeanFactory     : Creating shared instance of singleton bean 'dataSourceScriptDatabaseInitializer'
2025-05-11T16:42:34.707+05:30 DEBUG [weather,,] 82161 --- [weather] [           main] o.s.b.f.s.DefaultListableBeanFactory     : Creating shared instance of singleton bean 'org.springframework.boot.autoconfigure.sql.init.DataSourceInitializationConfiguration'
2025-05-11T16:42:34.709+05:30 DEBUG [weather,,] 82161 --- [weather] [           main] o.s.b.f.s.DefaultListableBeanFactory     : Creating shared instance of singleton bean 'dataSource'
2025-05-11T16:42:34.709+05:30 DEBUG [weather,,] 82161 --- [weather] [           main] o.s.b.f.s.DefaultListableBeanFactory     : Creating shared instance of singleton bean 'org.springframework.boot.autoconfigure.jdbc.DataSourceConfiguration$Hikari'
2025-05-11T16:42:34.711+05:30 DEBUG [weather,,] 82161 --- [weather] [           main] o.s.b.f.s.DefaultListableBeanFactory     : Creating shared instance of singleton bean 'spring.datasource-org.springframework.boot.autoconfigure.jdbc.DataSourceProperties'
2025-05-11T16:42:34.712+05:30 DEBUG [weather,,] 82161 --- [weather] [           main] o.s.b.f.s.DefaultListableBeanFactory     : Creating shared instance of singleton bean 'org.springframework.boot.context.properties.BoundConfigurationProperties'
2025-05-11T16:42:34.733+05:30 DEBUG [weather,,] 82161 --- [weather] [           main] o.s.b.f.s.DefaultListableBeanFactory     : Creating shared instance of singleton bean 'jdbcConnectionDetails'
2025-05-11T16:42:34.733+05:30 DEBUG [weather,,] 82161 --- [weather] [           main] o.s.b.f.s.DefaultListableBeanFactory     : Creating shared instance of singleton bean 'org.springframework.boot.autoconfigure.jdbc.DataSourceAutoConfiguration$PooledDataSourceConfiguration'
2025-05-11T16:42:34.735+05:30 DEBUG [weather,,] 82161 --- [weather] [           main] o.s.b.f.s.DefaultListableBeanFactory     : Autowiring by type from bean name 'jdbcConnectionDetails' via factory method to bean named 'spring.datasource-org.springframework.boot.autoconfigure.jdbc.DataSourceProperties'
2025-05-11T16:42:34.737+05:30 DEBUG [weather,,] 82161 --- [weather] [           main] o.s.b.f.s.DefaultListableBeanFactory     : Autowiring by type from bean name 'dataSource' via factory method to bean named 'spring.datasource-org.springframework.boot.autoconfigure.jdbc.DataSourceProperties'
2025-05-11T16:42:34.737+05:30 DEBUG [weather,,] 82161 --- [weather] [           main] o.s.b.f.s.DefaultListableBeanFactory     : Autowiring by type from bean name 'dataSource' via factory method to bean named 'jdbcConnectionDetails'
2025-05-11T16:42:34.761+05:30 DEBUG [weather,,] 82161 --- [weather] [           main] o.s.b.f.s.DefaultListableBeanFactory     : Creating shared instance of singleton bean 'spring.sql.init-org.springframework.boot.autoconfigure.sql.init.SqlInitializationProperties'
2025-05-11T16:42:34.765+05:30 DEBUG [weather,,] 82161 --- [weather] [           main] o.s.b.f.s.DefaultListableBeanFactory     : Autowiring by type from bean name 'dataSourceScriptDatabaseInitializer' via factory method to bean named 'dataSource'
2025-05-11T16:42:34.765+05:30 DEBUG [weather,,] 82161 --- [weather] [           main] o.s.b.f.s.DefaultListableBeanFactory     : Autowiring by type from bean name 'dataSourceScriptDatabaseInitializer' via factory method to bean named 'spring.sql.init-org.springframework.boot.autoconfigure.sql.init.SqlInitializationProperties'
2025-05-11T16:42:34.771+05:30 DEBUG [weather,,] 82161 --- [weather] [           main] o.s.b.f.s.DefaultListableBeanFactory     : Creating shared instance of singleton bean 'entityManagerFactory'
2025-05-11T16:42:34.771+05:30 DEBUG [weather,,] 82161 --- [weather] [           main] o.s.b.f.s.DefaultListableBeanFactory     : Creating shared instance of singleton bean 'org.springframework.boot.autoconfigure.orm.jpa.HibernateJpaConfiguration'
2025-05-11T16:42:34.772+05:30 DEBUG [weather,,] 82161 --- [weather] [           main] o.s.b.f.s.DefaultListableBeanFactory     : Creating shared instance of singleton bean 'spring.jpa-org.springframework.boot.autoconfigure.orm.jpa.JpaProperties'
2025-05-11T16:42:34.776+05:30 DEBUG [weather,,] 82161 --- [weather] [           main] o.s.b.f.s.DefaultListableBeanFactory     : Creating shared instance of singleton bean 'spring.jpa.hibernate-org.springframework.boot.autoconfigure.orm.jpa.HibernateProperties'
2025-05-11T16:42:34.779+05:30 DEBUG [weather,,] 82161 --- [weather] [           main] o.s.b.f.s.DefaultListableBeanFactory     : Autowiring by type from bean name 'org.springframework.boot.autoconfigure.orm.jpa.HibernateJpaConfiguration' via constructor to bean named 'dataSource'
2025-05-11T16:42:34.779+05:30 DEBUG [weather,,] 82161 --- [weather] [           main] o.s.b.f.s.DefaultListableBeanFactory     : Autowiring by type from bean name 'org.springframework.boot.autoconfigure.orm.jpa.HibernateJpaConfiguration' via constructor to bean named 'spring.jpa-org.springframework.boot.autoconfigure.orm.jpa.JpaProperties'
2025-05-11T16:42:34.779+05:30 DEBUG [weather,,] 82161 --- [weather] [           main] o.s.b.f.s.DefaultListableBeanFactory     : Autowiring by type from bean name 'org.springframework.boot.autoconfigure.orm.jpa.HibernateJpaConfiguration' via constructor to bean named 'org.springframework.beans.factory.support.DefaultListableBeanFactory@6e6fce47'
2025-05-11T16:42:34.779+05:30 DEBUG [weather,,] 82161 --- [weather] [           main] o.s.b.f.s.DefaultListableBeanFactory     : Autowiring by type from bean name 'org.springframework.boot.autoconfigure.orm.jpa.HibernateJpaConfiguration' via constructor to bean named 'spring.jpa.hibernate-org.springframework.boot.autoconfigure.orm.jpa.HibernateProperties'
2025-05-11T16:42:34.781+05:30 DEBUG [weather,,] 82161 --- [weather] [           main] o.s.b.f.s.DefaultListableBeanFactory     : Creating shared instance of singleton bean 'hikariPoolDataSourceMetadataProvider'
2025-05-11T16:42:34.781+05:30 DEBUG [weather,,] 82161 --- [weather] [           main] o.s.b.f.s.DefaultListableBeanFactory     : Creating shared instance of singleton bean 'org.springframework.boot.autoconfigure.jdbc.metadata.DataSourcePoolMetadataProvidersConfiguration$HikariPoolDataSourceMetadataProviderConfiguration'
2025-05-11T16:42:34.791+05:30 DEBUG [weather,,] 82161 --- [weather] [           main] o.s.b.f.s.DefaultListableBeanFactory     : Creating shared instance of singleton bean 'entityManagerFactoryBuilder'
2025-05-11T16:42:34.791+05:30 DEBUG [weather,,] 82161 --- [weather] [           main] o.s.b.f.s.DefaultListableBeanFactory     : Creating shared instance of singleton bean 'jpaVendorAdapter'
2025-05-11T16:42:34.802+05:30 DEBUG [weather,,] 82161 --- [weather] [           main] o.s.b.f.s.DefaultListableBeanFactory     : Autowiring by type from bean name 'entityManagerFactoryBuilder' via factory method to bean named 'jpaVendorAdapter'
2025-05-11T16:42:34.808+05:30 DEBUG [weather,,] 82161 --- [weather] [           main] o.s.b.f.s.DefaultListableBeanFactory     : Creating shared instance of singleton bean 'persistenceManagedTypes'
2025-05-11T16:42:34.809+05:30 DEBUG [weather,,] 82161 --- [weather] [           main] o.s.b.f.s.DefaultListableBeanFactory     : Autowiring by type from bean name 'persistenceManagedTypes' via factory method to bean named 'org.springframework.beans.factory.support.DefaultListableBeanFactory@6e6fce47'
2025-05-11T16:42:34.809+05:30 DEBUG [weather,,] 82161 --- [weather] [           main] o.s.b.f.s.DefaultListableBeanFactory     : Autowiring by type from bean name 'persistenceManagedTypes' via factory method to bean named 'org.springframework.web.context.support.GenericWebApplicationContext@3c1e23ff'
2025-05-11T16:42:34.815+05:30 DEBUG [weather,,] 82161 --- [weather] [           main] o.s.b.f.s.DefaultListableBeanFactory     : Autowiring by type from bean name 'entityManagerFactory' via factory method to bean named 'entityManagerFactoryBuilder'
2025-05-11T16:42:34.816+05:30 DEBUG [weather,,] 82161 --- [weather] [           main] o.s.b.f.s.DefaultListableBeanFactory     : Autowiring by type from bean name 'entityManagerFactory' via factory method to bean named 'persistenceManagedTypes'
2025-05-11T16:42:34.823+05:30 DEBUG [weather,,] 82161 --- [weather] [           main] j.LocalContainerEntityManagerFactoryBean : Building JPA container EntityManagerFactory for persistence unit 'default'
2025-05-11T16:42:34.836+05:30 DEBUG [weather,,] 82161 --- [weather] [           main] o.hibernate.jpa.internal.util.LogHelper  : PersistenceUnitInfo [
	name: default
	persistence provider classname: null
	classloader: jdk.internal.loader.ClassLoaders$AppClassLoader@30946e09
	excludeUnlistedClasses: true
	JTA datasource: null
	Non JTA datasource: HikariDataSource (null)
	Transaction type: RESOURCE_LOCAL
	PU root URL: file:/home/yogita/test4/may1/software/ActualSoftwareTest/target/test-classes/
	Shared Cache Mode: UNSPECIFIED
	Validation Mode: AUTO
	Jar files URLs []
	Managed classes names [
		com.myapp.weather.model.Weather]
	Mapping files names []
	Properties []
2025-05-11T16:42:34.843+05:30 DEBUG [weather,,] 82161 --- [weather] [           main] o.h.i.internal.IntegratorServiceImpl     : Adding Integrator [org.hibernate.boot.beanvalidation.BeanValidationIntegrator].
2025-05-11T16:42:34.844+05:30 DEBUG [weather,,] 82161 --- [weather] [           main] o.h.i.internal.IntegratorServiceImpl     : Adding Integrator [org.hibernate.cache.internal.CollectionCacheInvalidator].
2025-05-11T16:42:34.873+05:30  INFO [weather,,] 82161 --- [weather] [           main] org.hibernate.Version                    : HHH000412: Hibernate ORM core version 6.6.5.Final
2025-05-11T16:42:34.874+05:30 DEBUG [weather,,] 82161 --- [weather] [           main] org.hibernate.cfg.Environment            : HHH000206: 'hibernate.properties' not found
2025-05-11T16:42:34.890+05:30 DEBUG [weather,,] 82161 --- [weather] [           main] org.hibernate.orm.idgen.factory          : Registering IdentifierGenerator strategy [uuid2] -> [org.hibernate.id.UUIDGenerator]
2025-05-11T16:42:34.890+05:30 DEBUG [weather,,] 82161 --- [weather] [           main] org.hibernate.orm.idgen.factory          : Registering IdentifierGenerator strategy [guid] -> [org.hibernate.id.GUIDGenerator]
2025-05-11T16:42:34.891+05:30 DEBUG [weather,,] 82161 --- [weather] [           main] org.hibernate.orm.idgen.factory          : Registering IdentifierGenerator strategy [uuid] -> [org.hibernate.id.UUIDHexGenerator]
2025-05-11T16:42:34.891+05:30 DEBUG [weather,,] 82161 --- [weather] [           main] org.hibernate.orm.idgen.factory          : Registering IdentifierGenerator strategy [uuid.hex] -> [org.hibernate.id.UUIDHexGenerator]
2025-05-11T16:42:34.891+05:30 DEBUG [weather,,] 82161 --- [weather] [           main] org.hibernate.orm.idgen.factory          : Registering IdentifierGenerator strategy [assigned] -> [org.hibernate.id.Assigned]
2025-05-11T16:42:34.892+05:30 DEBUG [weather,,] 82161 --- [weather] [           main] org.hibernate.orm.idgen.factory          : Registering IdentifierGenerator strategy [identity] -> [org.hibernate.id.IdentityGenerator]
2025-05-11T16:42:34.892+05:30 DEBUG [weather,,] 82161 --- [weather] [           main] org.hibernate.orm.idgen.factory          : Registering IdentifierGenerator strategy [select] -> [org.hibernate.id.SelectGenerator]
2025-05-11T16:42:34.893+05:30 DEBUG [weather,,] 82161 --- [weather] [           main] org.hibernate.orm.idgen.factory          : Registering IdentifierGenerator strategy [sequence] -> [org.hibernate.id.enhanced.SequenceStyleGenerator]
2025-05-11T16:42:34.893+05:30 DEBUG [weather,,] 82161 --- [weather] [           main] org.hibernate.orm.idgen.factory          : Registering IdentifierGenerator strategy [increment] -> [org.hibernate.id.IncrementGenerator]
2025-05-11T16:42:34.894+05:30 DEBUG [weather,,] 82161 --- [weather] [           main] org.hibernate.orm.idgen.factory          : Registering IdentifierGenerator strategy [foreign] -> [org.hibernate.id.ForeignGenerator]
2025-05-11T16:42:34.894+05:30 DEBUG [weather,,] 82161 --- [weather] [           main] org.hibernate.orm.idgen.factory          : Registering IdentifierGenerator strategy [enhanced-sequence] -> [org.hibernate.id.enhanced.SequenceStyleGenerator]
2025-05-11T16:42:34.895+05:30 DEBUG [weather,,] 82161 --- [weather] [           main] org.hibernate.orm.idgen.factory          : Registering IdentifierGenerator strategy [enhanced-table] -> [org.hibernate.id.enhanced.TableGenerator]
2025-05-11T16:42:34.900+05:30 DEBUG [weather,,] 82161 --- [weather] [           main] o.h.c.internal.RegionFactoryInitiator    : Cannot default RegionFactory based on registered strategies as `[]` RegionFactory strategies were registered
2025-05-11T16:42:34.900+05:30  INFO [weather,,] 82161 --- [weather] [           main] o.h.c.internal.RegionFactoryInitiator    : HHH000026: Second-level cache disabled
2025-05-11T16:42:34.971+05:30 DEBUG [weather,,] 82161 --- [weather] [           main] org.hibernate.type.BasicTypeRegistry     : Adding type registration boolean -> org.hibernate.type.BasicTypeReference@8b670c0
2025-05-11T16:42:34.972+05:30 DEBUG [weather,,] 82161 --- [weather] [           main] org.hibernate.type.BasicTypeRegistry     : Adding type registration boolean -> org.hibernate.type.BasicTypeReference@8b670c0
2025-05-11T16:42:34.972+05:30 DEBUG [weather,,] 82161 --- [weather] [           main] org.hibernate.type.BasicTypeRegistry     : Adding type registration java.lang.Boolean -> org.hibernate.type.BasicTypeReference@8b670c0
2025-05-11T16:42:34.972+05:30 DEBUG [weather,,] 82161 --- [weather] [           main] org.hibernate.type.BasicTypeRegistry     : Adding type registration numeric_boolean -> org.hibernate.type.BasicTypeReference@4c2ab536
2025-05-11T16:42:34.972+05:30 DEBUG [weather,,] 82161 --- [weather] [           main] org.hibernate.type.BasicTypeRegistry     : Adding type registration org.hibernate.type.NumericBooleanConverter -> org.hibernate.type.BasicTypeReference@4c2ab536
2025-05-11T16:42:34.972+05:30 DEBUG [weather,,] 82161 --- [weather] [           main] org.hibernate.type.BasicTypeRegistry     : Adding type registration true_false -> org.hibernate.type.BasicTypeReference@22fb9a2c
2025-05-11T16:42:34.972+05:30 DEBUG [weather,,] 82161 --- [weather] [           main] org.hibernate.type.BasicTypeRegistry     : Adding type registration org.hibernate.type.TrueFalseConverter -> org.hibernate.type.BasicTypeReference@22fb9a2c
2025-05-11T16:42:34.972+05:30 DEBUG [weather,,] 82161 --- [weather] [           main] org.hibernate.type.BasicTypeRegistry     : Adding type registration yes_no -> org.hibernate.type.BasicTypeReference@2084e65a
2025-05-11T16:42:34.972+05:30 DEBUG [weather,,] 82161 --- [weather] [           main] org.hibernate.type.BasicTypeRegistry     : Adding type registration org.hibernate.type.YesNoConverter -> org.hibernate.type.BasicTypeReference@2084e65a
2025-05-11T16:42:34.973+05:30 DEBUG [weather,,] 82161 --- [weather] [           main] org.hibernate.type.BasicTypeRegistry     : Adding type registration byte -> org.hibernate.type.BasicTypeReference@1b8fa2fa
2025-05-11T16:42:34.973+05:30 DEBUG [weather,,] 82161 --- [weather] [           main] org.hibernate.type.BasicTypeRegistry     : Adding type registration byte -> org.hibernate.type.BasicTypeReference@1b8fa2fa
2025-05-11T16:42:34.973+05:30 DEBUG [weather,,] 82161 --- [weather] [           main] org.hibernate.type.BasicTypeRegistry     : Adding type registration java.lang.Byte -> org.hibernate.type.BasicTypeReference@1b8fa2fa
2025-05-11T16:42:34.973+05:30 DEBUG [weather,,] 82161 --- [weather] [           main] org.hibernate.type.BasicTypeRegistry     : Adding type registration binary -> org.hibernate.type.BasicTypeReference@21527b8
2025-05-11T16:42:34.973+05:30 DEBUG [weather,,] 82161 --- [weather] [           main] org.hibernate.type.BasicTypeRegistry     : Adding type registration byte[] -> org.hibernate.type.BasicTypeReference@21527b8
2025-05-11T16:42:34.973+05:30 DEBUG [weather,,] 82161 --- [weather] [           main] org.hibernate.type.BasicTypeRegistry     : Adding type registration [B -> org.hibernate.type.BasicTypeReference@21527b8
2025-05-11T16:42:34.973+05:30 DEBUG [weather,,] 82161 --- [weather] [           main] org.hibernate.type.BasicTypeRegistry     : Adding type registration binary_wrapper -> org.hibernate.type.BasicTypeReference@7cc1f72c
2025-05-11T16:42:34.973+05:30 DEBUG [weather,,] 82161 --- [weather] [           main] org.hibernate.type.BasicTypeRegistry     : Adding type registration wrapper-binary -> org.hibernate.type.BasicTypeReference@7cc1f72c
2025-05-11T16:42:34.973+05:30 DEBUG [weather,,] 82161 --- [weather] [           main] org.hibernate.type.BasicTypeRegistry     : Adding type registration image -> org.hibernate.type.BasicTypeReference@7b7068d8
2025-05-11T16:42:34.973+05:30 DEBUG [weather,,] 82161 --- [weather] [           main] org.hibernate.type.BasicTypeRegistry     : Adding type registration blob -> org.hibernate.type.BasicTypeReference@1d8e9d3e
2025-05-11T16:42:34.974+05:30 DEBUG [weather,,] 82161 --- [weather] [           main] org.hibernate.type.BasicTypeRegistry     : Adding type registration java.sql.Blob -> org.hibernate.type.BasicTypeReference@1d8e9d3e
2025-05-11T16:42:34.974+05:30 DEBUG [weather,,] 82161 --- [weather] [           main] org.hibernate.type.BasicTypeRegistry     : Adding type registration materialized_blob -> org.hibernate.type.BasicTypeReference@360d41d0
2025-05-11T16:42:34.974+05:30 DEBUG [weather,,] 82161 --- [weather] [           main] org.hibernate.type.BasicTypeRegistry     : Adding type registration materialized_blob_wrapper -> org.hibernate.type.BasicTypeReference@4586a8aa
2025-05-11T16:42:34.974+05:30 DEBUG [weather,,] 82161 --- [weather] [           main] org.hibernate.type.BasicTypeRegistry     : Adding type registration short -> org.hibernate.type.BasicTypeReference@3dc82e6a
2025-05-11T16:42:34.974+05:30 DEBUG [weather,,] 82161 --- [weather] [           main] org.hibernate.type.BasicTypeRegistry     : Adding type registration short -> org.hibernate.type.BasicTypeReference@3dc82e6a
2025-05-11T16:42:34.974+05:30 DEBUG [weather,,] 82161 --- [weather] [           main] org.hibernate.type.BasicTypeRegistry     : Adding type registration java.lang.Short -> org.hibernate.type.BasicTypeReference@3dc82e6a
2025-05-11T16:42:34.974+05:30 DEBUG [weather,,] 82161 --- [weather] [           main] org.hibernate.type.BasicTypeRegistry     : Adding type registration integer -> org.hibernate.type.BasicTypeReference@54463380
2025-05-11T16:42:34.974+05:30 DEBUG [weather,,] 82161 --- [weather] [           main] org.hibernate.type.BasicTypeRegistry     : Adding type registration int -> org.hibernate.type.BasicTypeReference@54463380
2025-05-11T16:42:34.974+05:30 DEBUG [weather,,] 82161 --- [weather] [           main] org.hibernate.type.BasicTypeRegistry     : Adding type registration java.lang.Integer -> org.hibernate.type.BasicTypeReference@54463380
2025-05-11T16:42:34.975+05:30 DEBUG [weather,,] 82161 --- [weather] [           main] org.hibernate.type.BasicTypeRegistry     : Adding type registration long -> org.hibernate.type.BasicTypeReference@819fb19
2025-05-11T16:42:34.975+05:30 DEBUG [weather,,] 82161 --- [weather] [           main] org.hibernate.type.BasicTypeRegistry     : Adding type registration long -> org.hibernate.type.BasicTypeReference@819fb19
2025-05-11T16:42:34.975+05:30 DEBUG [weather,,] 82161 --- [weather] [           main] org.hibernate.type.BasicTypeRegistry     : Adding type registration java.lang.Long -> org.hibernate.type.BasicTypeReference@819fb19
2025-05-11T16:42:34.975+05:30 DEBUG [weather,,] 82161 --- [weather] [           main] org.hibernate.type.BasicTypeRegistry     : Adding type registration float -> org.hibernate.type.BasicTypeReference@782ac148
2025-05-11T16:42:34.975+05:30 DEBUG [weather,,] 82161 --- [weather] [           main] org.hibernate.type.BasicTypeRegistry     : Adding type registration float -> org.hibernate.type.BasicTypeReference@782ac148
2025-05-11T16:42:34.975+05:30 DEBUG [weather,,] 82161 --- [weather] [           main] org.hibernate.type.BasicTypeRegistry     : Adding type registration java.lang.Float -> org.hibernate.type.BasicTypeReference@782ac148
2025-05-11T16:42:34.975+05:30 DEBUG [weather,,] 82161 --- [weather] [           main] org.hibernate.type.BasicTypeRegistry     : Adding type registration double -> org.hibernate.type.BasicTypeReference@46d1b59
2025-05-11T16:42:34.975+05:30 DEBUG [weather,,] 82161 --- [weather] [           main] org.hibernate.type.BasicTypeRegistry     : Adding type registration double -> org.hibernate.type.BasicTypeReference@46d1b59
2025-05-11T16:42:34.975+05:30 DEBUG [weather,,] 82161 --- [weather] [           main] org.hibernate.type.BasicTypeRegistry     : Adding type registration java.lang.Double -> org.hibernate.type.BasicTypeReference@46d1b59
2025-05-11T16:42:34.976+05:30 DEBUG [weather,,] 82161 --- [weather] [           main] org.hibernate.type.BasicTypeRegistry     : Adding type registration big_integer -> org.hibernate.type.BasicTypeReference@61d2f267
2025-05-11T16:42:34.976+05:30 DEBUG [weather,,] 82161 --- [weather] [           main] org.hibernate.type.BasicTypeRegistry     : Adding type registration java.math.BigInteger -> org.hibernate.type.BasicTypeReference@61d2f267
2025-05-11T16:42:34.976+05:30 DEBUG [weather,,] 82161 --- [weather] [           main] org.hibernate.type.BasicTypeRegistry     : Adding type registration big_decimal -> org.hibernate.type.BasicTypeReference@26d40c77
2025-05-11T16:42:34.976+05:30 DEBUG [weather,,] 82161 --- [weather] [           main] org.hibernate.type.BasicTypeRegistry     : Adding type registration java.math.BigDecimal -> org.hibernate.type.BasicTypeReference@26d40c77
2025-05-11T16:42:34.976+05:30 DEBUG [weather,,] 82161 --- [weather] [           main] org.hibernate.type.BasicTypeRegistry     : Adding type registration character -> org.hibernate.type.BasicTypeReference@85ab964
2025-05-11T16:42:34.976+05:30 DEBUG [weather,,] 82161 --- [weather] [           main] org.hibernate.type.BasicTypeRegistry     : Adding type registration char -> org.hibernate.type.BasicTypeReference@85ab964
2025-05-11T16:42:34.976+05:30 DEBUG [weather,,] 82161 --- [weather] [           main] org.hibernate.type.BasicTypeRegistry     : Adding type registration java.lang.Character -> org.hibernate.type.BasicTypeReference@85ab964
2025-05-11T16:42:34.976+05:30 DEBUG [weather,,] 82161 --- [weather] [           main] org.hibernate.type.BasicTypeRegistry     : Adding type registration character_nchar -> org.hibernate.type.BasicTypeReference@6481dce5
2025-05-11T16:42:34.976+05:30 DEBUG [weather,,] 82161 --- [weather] [           main] org.hibernate.type.BasicTypeRegistry     : Adding type registration string -> org.hibernate.type.BasicTypeReference@12365bd8
2025-05-11T16:42:34.976+05:30 DEBUG [weather,,] 82161 --- [weather] [           main] org.hibernate.type.BasicTypeRegistry     : Adding type registration java.lang.String -> org.hibernate.type.BasicTypeReference@12365bd8
2025-05-11T16:42:34.976+05:30 DEBUG [weather,,] 82161 --- [weather] [           main] org.hibernate.type.BasicTypeRegistry     : Adding type registration nstring -> org.hibernate.type.BasicTypeReference@14874a5d
2025-05-11T16:42:34.977+05:30 DEBUG [weather,,] 82161 --- [weather] [           main] org.hibernate.type.BasicTypeRegistry     : Adding type registration characters -> org.hibernate.type.BasicTypeReference@49cb5030
2025-05-11T16:42:34.977+05:30 DEBUG [weather,,] 82161 --- [weather] [           main] org.hibernate.type.BasicTypeRegistry     : Adding type registration char[] -> org.hibernate.type.BasicTypeReference@49cb5030
2025-05-11T16:42:34.977+05:30 DEBUG [weather,,] 82161 --- [weather] [           main] org.hibernate.type.BasicTypeRegistry     : Adding type registration [C -> org.hibernate.type.BasicTypeReference@49cb5030
2025-05-11T16:42:34.977+05:30 DEBUG [weather,,] 82161 --- [weather] [           main] org.hibernate.type.BasicTypeRegistry     : Adding type registration wrapper-characters -> org.hibernate.type.BasicTypeReference@23c7cb18
2025-05-11T16:42:34.977+05:30 DEBUG [weather,,] 82161 --- [weather] [           main] org.hibernate.type.BasicTypeRegistry     : Adding type registration text -> org.hibernate.type.BasicTypeReference@30fbc23
2025-05-11T16:42:34.977+05:30 DEBUG [weather,,] 82161 --- [weather] [           main] org.hibernate.type.BasicTypeRegistry     : Adding type registration ntext -> org.hibernate.type.BasicTypeReference@2d74cbbd
2025-05-11T16:42:34.977+05:30 DEBUG [weather,,] 82161 --- [weather] [           main] org.hibernate.type.BasicTypeRegistry     : Adding type registration clob -> org.hibernate.type.BasicTypeReference@3e2d44f3
2025-05-11T16:42:34.977+05:30 DEBUG [weather,,] 82161 --- [weather] [           main] org.hibernate.type.BasicTypeRegistry     : Adding type registration java.sql.Clob -> org.hibernate.type.BasicTypeReference@3e2d44f3
2025-05-11T16:42:34.977+05:30 DEBUG [weather,,] 82161 --- [weather] [           main] org.hibernate.type.BasicTypeRegistry     : Adding type registration nclob -> org.hibernate.type.BasicTypeReference@23afc725
2025-05-11T16:42:34.977+05:30 DEBUG [weather,,] 82161 --- [weather] [           main] org.hibernate.type.BasicTypeRegistry     : Adding type registration java.sql.NClob -> org.hibernate.type.BasicTypeReference@23afc725
2025-05-11T16:42:34.978+05:30 DEBUG [weather,,] 82161 --- [weather] [           main] org.hibernate.type.BasicTypeRegistry     : Adding type registration materialized_clob -> org.hibernate.type.BasicTypeReference@5d3f99d7
2025-05-11T16:42:34.978+05:30 DEBUG [weather,,] 82161 --- [weather] [           main] org.hibernate.type.BasicTypeRegistry     : Adding type registration materialized_clob_char_array -> org.hibernate.type.BasicTypeReference@561d88ee
2025-05-11T16:42:34.978+05:30 DEBUG [weather,,] 82161 --- [weather] [           main] org.hibernate.type.BasicTypeRegistry     : Adding type registration materialized_clob_character_array -> org.hibernate.type.BasicTypeReference@2c34402
2025-05-11T16:42:34.978+05:30 DEBUG [weather,,] 82161 --- [weather] [           main] org.hibernate.type.BasicTypeRegistry     : Adding type registration materialized_nclob -> org.hibernate.type.BasicTypeReference@5f883d90
2025-05-11T16:42:34.978+05:30 DEBUG [weather,,] 82161 --- [weather] [           main] org.hibernate.type.BasicTypeRegistry     : Adding type registration materialized_nclob_character_array -> org.hibernate.type.BasicTypeReference@7e58f697
2025-05-11T16:42:34.978+05:30 DEBUG [weather,,] 82161 --- [weather] [           main] org.hibernate.type.BasicTypeRegistry     : Adding type registration materialized_nclob_char_array -> org.hibernate.type.BasicTypeReference@44384b4a
2025-05-11T16:42:34.978+05:30 DEBUG [weather,,] 82161 --- [weather] [           main] org.hibernate.type.BasicTypeRegistry     : Adding type registration Duration -> org.hibernate.type.BasicTypeReference@5cc3e49b
2025-05-11T16:42:34.978+05:30 DEBUG [weather,,] 82161 --- [weather] [           main] org.hibernate.type.BasicTypeRegistry     : Adding type registration java.time.Duration -> org.hibernate.type.BasicTypeReference@5cc3e49b
2025-05-11T16:42:34.978+05:30 DEBUG [weather,,] 82161 --- [weather] [           main] org.hibernate.type.BasicTypeRegistry     : Adding type registration LocalDateTime -> org.hibernate.type.BasicTypeReference@4239262e
2025-05-11T16:42:34.978+05:30 DEBUG [weather,,] 82161 --- [weather] [           main] org.hibernate.type.BasicTypeRegistry     : Adding type registration java.time.LocalDateTime -> org.hibernate.type.BasicTypeReference@4239262e
2025-05-11T16:42:34.979+05:30 DEBUG [weather,,] 82161 --- [weather] [           main] org.hibernate.type.BasicTypeRegistry     : Adding type registration LocalDate -> org.hibernate.type.BasicTypeReference@7bec8cb0
2025-05-11T16:42:34.979+05:30 DEBUG [weather,,] 82161 --- [weather] [           main] org.hibernate.type.BasicTypeRegistry     : Adding type registration java.time.LocalDate -> org.hibernate.type.BasicTypeReference@7bec8cb0
2025-05-11T16:42:34.979+05:30 DEBUG [weather,,] 82161 --- [weather] [           main] org.hibernate.type.BasicTypeRegistry     : Adding type registration LocalTime -> org.hibernate.type.BasicTypeReference@7d88fa9c
2025-05-11T16:42:34.979+05:30 DEBUG [weather,,] 82161 --- [weather] [           main] org.hibernate.type.BasicTypeRegistry     : Adding type registration java.time.LocalTime -> org.hibernate.type.BasicTypeReference@7d88fa9c
2025-05-11T16:42:34.979+05:30 DEBUG [weather,,] 82161 --- [weather] [           main] org.hibernate.type.BasicTypeRegistry     : Adding type registration OffsetDateTime -> org.hibernate.type.BasicTypeReference@3eac2e8a
2025-05-11T16:42:34.979+05:30 DEBUG [weather,,] 82161 --- [weather] [           main] org.hibernate.type.BasicTypeRegistry     : Adding type registration java.time.OffsetDateTime -> org.hibernate.type.BasicTypeReference@3eac2e8a
2025-05-11T16:42:34.979+05:30 DEBUG [weather,,] 82161 --- [weather] [           main] org.hibernate.type.BasicTypeRegistry     : Adding type registration OffsetDateTimeWithTimezone -> org.hibernate.type.BasicTypeReference@352f6727
2025-05-11T16:42:34.979+05:30 DEBUG [weather,,] 82161 --- [weather] [           main] org.hibernate.type.BasicTypeRegistry     : Adding type registration OffsetDateTimeWithoutTimezone -> org.hibernate.type.BasicTypeReference@2ab9e43e
2025-05-11T16:42:34.979+05:30 DEBUG [weather,,] 82161 --- [weather] [           main] org.hibernate.type.BasicTypeRegistry     : Adding type registration OffsetTime -> org.hibernate.type.BasicTypeReference@10dfa7ef
2025-05-11T16:42:34.979+05:30 DEBUG [weather,,] 82161 --- [weather] [           main] org.hibernate.type.BasicTypeRegistry     : Adding type registration java.time.OffsetTime -> org.hibernate.type.BasicTypeReference@10dfa7ef
2025-05-11T16:42:34.979+05:30 DEBUG [weather,,] 82161 --- [weather] [           main] org.hibernate.type.BasicTypeRegistry     : Adding type registration OffsetTimeUtc -> org.hibernate.type.BasicTypeReference@4fd80300
2025-05-11T16:42:34.980+05:30 DEBUG [weather,,] 82161 --- [weather] [           main] org.hibernate.type.BasicTypeRegistry     : Adding type registration OffsetTimeWithTimezone -> org.hibernate.type.BasicTypeReference@1805383
2025-05-11T16:42:34.980+05:30 DEBUG [weather,,] 82161 --- [weather] [           main] org.hibernate.type.BasicTypeRegistry     : Adding type registration OffsetTimeWithoutTimezone -> org.hibernate.type.BasicTypeReference@64fdcf99
2025-05-11T16:42:34.980+05:30 DEBUG [weather,,] 82161 --- [weather] [           main] org.hibernate.type.BasicTypeRegistry     : Adding type registration ZonedDateTime -> org.hibernate.type.BasicTypeReference@9f0fc36
2025-05-11T16:42:34.980+05:30 DEBUG [weather,,] 82161 --- [weather] [           main] org.hibernate.type.BasicTypeRegistry     : Adding type registration java.time.ZonedDateTime -> org.hibernate.type.BasicTypeReference@9f0fc36
2025-05-11T16:42:34.980+05:30 DEBUG [weather,,] 82161 --- [weather] [           main] org.hibernate.type.BasicTypeRegistry     : Adding type registration ZonedDateTimeWithTimezone -> org.hibernate.type.BasicTypeReference@63f2e0b
2025-05-11T16:42:34.980+05:30 DEBUG [weather,,] 82161 --- [weather] [           main] org.hibernate.type.BasicTypeRegistry     : Adding type registration ZonedDateTimeWithoutTimezone -> org.hibernate.type.BasicTypeReference@5a06904
2025-05-11T16:42:34.980+05:30 DEBUG [weather,,] 82161 --- [weather] [           main] org.hibernate.type.BasicTypeRegistry     : Adding type registration date -> org.hibernate.type.BasicTypeReference@fabef2e
2025-05-11T16:42:34.980+05:30 DEBUG [weather,,] 82161 --- [weather] [           main] org.hibernate.type.BasicTypeRegistry     : Adding type registration java.sql.Date -> org.hibernate.type.BasicTypeReference@fabef2e
2025-05-11T16:42:34.980+05:30 DEBUG [weather,,] 82161 --- [weather] [           main] org.hibernate.type.BasicTypeRegistry     : Adding type registration time -> org.hibernate.type.BasicTypeReference@1b4a3a1
2025-05-11T16:42:34.980+05:30 DEBUG [weather,,] 82161 --- [weather] [           main] org.hibernate.type.BasicTypeRegistry     : Adding type registration java.sql.Time -> org.hibernate.type.BasicTypeReference@1b4a3a1
2025-05-11T16:42:34.980+05:30 DEBUG [weather,,] 82161 --- [weather] [           main] org.hibernate.type.BasicTypeRegistry     : Adding type registration timestamp -> org.hibernate.type.BasicTypeReference@7e848aea
2025-05-11T16:42:34.981+05:30 DEBUG [weather,,] 82161 --- [weather] [           main] org.hibernate.type.BasicTypeRegistry     : Adding type registration java.sql.Timestamp -> org.hibernate.type.BasicTypeReference@7e848aea
2025-05-11T16:42:34.981+05:30 DEBUG [weather,,] 82161 --- [weather] [           main] org.hibernate.type.BasicTypeRegistry     : Adding type registration java.util.Date -> org.hibernate.type.BasicTypeReference@7e848aea
2025-05-11T16:42:34.981+05:30 DEBUG [weather,,] 82161 --- [weather] [           main] org.hibernate.type.BasicTypeRegistry     : Adding type registration calendar -> org.hibernate.type.BasicTypeReference@786a3477
2025-05-11T16:42:34.981+05:30 DEBUG [weather,,] 82161 --- [weather] [           main] org.hibernate.type.BasicTypeRegistry     : Adding type registration java.util.Calendar -> org.hibernate.type.BasicTypeReference@786a3477
2025-05-11T16:42:34.981+05:30 DEBUG [weather,,] 82161 --- [weather] [           main] org.hibernate.type.BasicTypeRegistry     : Adding type registration java.util.GregorianCalendar -> org.hibernate.type.BasicTypeReference@786a3477
2025-05-11T16:42:34.981+05:30 DEBUG [weather,,] 82161 --- [weather] [           main] org.hibernate.type.BasicTypeRegistry     : Adding type registration calendar_date -> org.hibernate.type.BasicTypeReference@286866cb
2025-05-11T16:42:34.981+05:30 DEBUG [weather,,] 82161 --- [weather] [           main] org.hibernate.type.BasicTypeRegistry     : Adding type registration calendar_time -> org.hibernate.type.BasicTypeReference@ce561cc
2025-05-11T16:42:34.981+05:30 DEBUG [weather,,] 82161 --- [weather] [           main] org.hibernate.type.BasicTypeRegistry     : Adding type registration instant -> org.hibernate.type.BasicTypeReference@56ec6960
2025-05-11T16:42:34.981+05:30 DEBUG [weather,,] 82161 --- [weather] [           main] org.hibernate.type.BasicTypeRegistry     : Adding type registration java.time.Instant -> org.hibernate.type.BasicTypeReference@56ec6960
2025-05-11T16:42:34.981+05:30 DEBUG [weather,,] 82161 --- [weather] [           main] org.hibernate.type.BasicTypeRegistry     : Adding type registration uuid -> org.hibernate.type.BasicTypeReference@7f8c3646
2025-05-11T16:42:34.981+05:30 DEBUG [weather,,] 82161 --- [weather] [           main] org.hibernate.type.BasicTypeRegistry     : Adding type registration java.util.UUID -> org.hibernate.type.BasicTypeReference@7f8c3646
2025-05-11T16:42:34.982+05:30 DEBUG [weather,,] 82161 --- [weather] [           main] org.hibernate.type.BasicTypeRegistry     : Adding type registration pg-uuid -> org.hibernate.type.BasicTypeReference@7f8c3646
2025-05-11T16:42:34.982+05:30 DEBUG [weather,,] 82161 --- [weather] [           main] org.hibernate.type.BasicTypeRegistry     : Adding type registration uuid-binary -> org.hibernate.type.BasicTypeReference@14b95942
2025-05-11T16:42:34.982+05:30 DEBUG [weather,,] 82161 --- [weather] [           main] org.hibernate.type.BasicTypeRegistry     : Adding type registration uuid-char -> org.hibernate.type.BasicTypeReference@3375b118
2025-05-11T16:42:34.982+05:30 DEBUG [weather,,] 82161 --- [weather] [           main] org.hibernate.type.BasicTypeRegistry     : Adding type registration class -> org.hibernate.type.BasicTypeReference@667797f
2025-05-11T16:42:34.982+05:30 DEBUG [weather,,] 82161 --- [weather] [           main] org.hibernate.type.BasicTypeRegistry     : Adding type registration java.lang.Class -> org.hibernate.type.BasicTypeReference@667797f
2025-05-11T16:42:34.982+05:30 DEBUG [weather,,] 82161 --- [weather] [           main] org.hibernate.type.BasicTypeRegistry     : Adding type registration currency -> org.hibernate.type.BasicTypeReference@184751f3
2025-05-11T16:42:34.982+05:30 DEBUG [weather,,] 82161 --- [weather] [           main] org.hibernate.type.BasicTypeRegistry     : Adding type registration Currency -> org.hibernate.type.BasicTypeReference@184751f3
2025-05-11T16:42:34.982+05:30 DEBUG [weather,,] 82161 --- [weather] [           main] org.hibernate.type.BasicTypeRegistry     : Adding type registration java.util.Currency -> org.hibernate.type.BasicTypeReference@184751f3
2025-05-11T16:42:34.982+05:30 DEBUG [weather,,] 82161 --- [weather] [           main] org.hibernate.type.BasicTypeRegistry     : Adding type registration locale -> org.hibernate.type.BasicTypeReference@46ea78f0
2025-05-11T16:42:34.982+05:30 DEBUG [weather,,] 82161 --- [weather] [           main] org.hibernate.type.BasicTypeRegistry     : Adding type registration java.util.Locale -> org.hibernate.type.BasicTypeReference@46ea78f0
2025-05-11T16:42:34.982+05:30 DEBUG [weather,,] 82161 --- [weather] [           main] org.hibernate.type.BasicTypeRegistry     : Adding type registration serializable -> org.hibernate.type.BasicTypeReference@5889fc44
2025-05-11T16:42:34.983+05:30 DEBUG [weather,,] 82161 --- [weather] [           main] org.hibernate.type.BasicTypeRegistry     : Adding type registration java.io.Serializable -> org.hibernate.type.BasicTypeReference@5889fc44
2025-05-11T16:42:34.983+05:30 DEBUG [weather,,] 82161 --- [weather] [           main] org.hibernate.type.BasicTypeRegistry     : Adding type registration timezone -> org.hibernate.type.BasicTypeReference@6598caab
2025-05-11T16:42:34.983+05:30 DEBUG [weather,,] 82161 --- [weather] [           main] org.hibernate.type.BasicTypeRegistry     : Adding type registration java.util.TimeZone -> org.hibernate.type.BasicTypeReference@6598caab
2025-05-11T16:42:34.983+05:30 DEBUG [weather,,] 82161 --- [weather] [           main] org.hibernate.type.BasicTypeRegistry     : Adding type registration ZoneOffset -> org.hibernate.type.BasicTypeReference@47f2c722
2025-05-11T16:42:34.983+05:30 DEBUG [weather,,] 82161 --- [weather] [           main] org.hibernate.type.BasicTypeRegistry     : Adding type registration java.time.ZoneOffset -> org.hibernate.type.BasicTypeReference@47f2c722
2025-05-11T16:42:34.983+05:30 DEBUG [weather,,] 82161 --- [weather] [           main] org.hibernate.type.BasicTypeRegistry     : Adding type registration url -> org.hibernate.type.BasicTypeReference@52ca0ad4
2025-05-11T16:42:34.983+05:30 DEBUG [weather,,] 82161 --- [weather] [           main] org.hibernate.type.BasicTypeRegistry     : Adding type registration java.net.URL -> org.hibernate.type.BasicTypeReference@52ca0ad4
2025-05-11T16:42:34.983+05:30 DEBUG [weather,,] 82161 --- [weather] [           main] org.hibernate.type.BasicTypeRegistry     : Adding type registration vector -> org.hibernate.type.BasicTypeReference@4536a715
2025-05-11T16:42:34.983+05:30 DEBUG [weather,,] 82161 --- [weather] [           main] org.hibernate.type.BasicTypeRegistry     : Adding type registration float_vector -> org.hibernate.type.BasicTypeReference@6658f08a
2025-05-11T16:42:34.983+05:30 DEBUG [weather,,] 82161 --- [weather] [           main] org.hibernate.type.BasicTypeRegistry     : Adding type registration double_vector -> org.hibernate.type.BasicTypeReference@37c2f0b4
2025-05-11T16:42:34.983+05:30 DEBUG [weather,,] 82161 --- [weather] [           main] org.hibernate.type.BasicTypeRegistry     : Adding type registration byte_vector -> org.hibernate.type.BasicTypeReference@35dcd032
2025-05-11T16:42:34.983+05:30 DEBUG [weather,,] 82161 --- [weather] [           main] org.hibernate.type.BasicTypeRegistry     : Adding type registration row_version -> org.hibernate.type.BasicTypeReference@4522d793
2025-05-11T16:42:34.987+05:30 DEBUG [weather,,] 82161 --- [weather] [           main] org.hibernate.type.BasicTypeRegistry     : Adding type registration object -> org.hibernate.type.JavaObjectType@4afd65fd
2025-05-11T16:42:34.987+05:30 DEBUG [weather,,] 82161 --- [weather] [           main] org.hibernate.type.BasicTypeRegistry     : Adding type registration java.lang.Object -> org.hibernate.type.JavaObjectType@4afd65fd
2025-05-11T16:42:34.988+05:30 DEBUG [weather,,] 82161 --- [weather] [           main] org.hibernate.type.BasicTypeRegistry     : Adding type registration null -> org.hibernate.type.NullType@9f9146d
2025-05-11T16:42:34.988+05:30 DEBUG [weather,,] 82161 --- [weather] [           main] org.hibernate.type.BasicTypeRegistry     : Adding type registration imm_date -> org.hibernate.type.BasicTypeReference@2ef041bb
2025-05-11T16:42:34.988+05:30 DEBUG [weather,,] 82161 --- [weather] [           main] org.hibernate.type.BasicTypeRegistry     : Adding type registration imm_time -> org.hibernate.type.BasicTypeReference@45e7bb79
2025-05-11T16:42:34.988+05:30 DEBUG [weather,,] 82161 --- [weather] [           main] org.hibernate.type.BasicTypeRegistry     : Adding type registration imm_timestamp -> org.hibernate.type.BasicTypeReference@605c7a9e
2025-05-11T16:42:34.988+05:30 DEBUG [weather,,] 82161 --- [weather] [           main] org.hibernate.type.BasicTypeRegistry     : Adding type registration imm_calendar -> org.hibernate.type.BasicTypeReference@21c75084
2025-05-11T16:42:34.988+05:30 DEBUG [weather,,] 82161 --- [weather] [           main] org.hibernate.type.BasicTypeRegistry     : Adding type registration imm_calendar_date -> org.hibernate.type.BasicTypeReference@d16209e
2025-05-11T16:42:34.988+05:30 DEBUG [weather,,] 82161 --- [weather] [           main] org.hibernate.type.BasicTypeRegistry     : Adding type registration imm_calendar_time -> org.hibernate.type.BasicTypeReference@75527e36
2025-05-11T16:42:34.988+05:30 DEBUG [weather,,] 82161 --- [weather] [           main] org.hibernate.type.BasicTypeRegistry     : Adding type registration imm_binary -> org.hibernate.type.BasicTypeReference@76596288
2025-05-11T16:42:34.988+05:30 DEBUG [weather,,] 82161 --- [weather] [           main] org.hibernate.type.BasicTypeRegistry     : Adding type registration imm_serializable -> org.hibernate.type.BasicTypeReference@6d815fb7
2025-05-11T16:42:34.992+05:30 DEBUG [weather,,] 82161 --- [weather] [           main] o.h.boot.internal.BootstrapContextImpl   : Injecting JPA temp ClassLoader [org.springframework.instrument.classloading.SimpleThrowawayClassLoader@4c6bba7d] into BootstrapContext; was [null]
2025-05-11T16:42:34.992+05:30 DEBUG [weather,,] 82161 --- [weather] [           main] o.h.boot.internal.ClassLoaderAccessImpl  : ClassLoaderAccessImpl#injectTempClassLoader(org.springframework.instrument.classloading.SimpleThrowawayClassLoader@4c6bba7d) [was null]
2025-05-11T16:42:34.992+05:30 DEBUG [weather,,] 82161 --- [weather] [           main] o.h.boot.internal.BootstrapContextImpl   : Injecting ScanEnvironment [org.hibernate.jpa.boot.internal.StandardJpaScanEnvironmentImpl@3db1ce78] into BootstrapContext; was [null]
2025-05-11T16:42:34.992+05:30 DEBUG [weather,,] 82161 --- [weather] [           main] o.h.boot.internal.BootstrapContextImpl   : Injecting ScanOptions [org.hibernate.boot.archive.scan.internal.StandardScanOptions@3a3ad8e7] into BootstrapContext; was [org.hibernate.boot.archive.scan.internal.StandardScanOptions@6a6d1ff3]
2025-05-11T16:42:35.132+05:30  INFO [weather,,] 82161 --- [weather] [           main] o.s.o.j.p.SpringPersistenceUnitInfo      : No LoadTimeWeaver setup: ignoring JPA class transformer
2025-05-11T16:42:35.132+05:30 DEBUG [weather,,] 82161 --- [weather] [           main] o.h.boot.internal.BootstrapContextImpl   : Injecting JPA temp ClassLoader [null] into BootstrapContext; was [org.springframework.instrument.classloading.SimpleThrowawayClassLoader@4c6bba7d]
2025-05-11T16:42:35.133+05:30 DEBUG [weather,,] 82161 --- [weather] [           main] o.h.boot.internal.ClassLoaderAccessImpl  : ClassLoaderAccessImpl#injectTempClassLoader(null) [was org.springframework.instrument.classloading.SimpleThrowawayClassLoader@4c6bba7d]
2025-05-11T16:42:35.155+05:30  INFO [weather,,] 82161 --- [weather] [           main] com.zaxxer.hikari.HikariDataSource       : HikariPool-1 - Starting...
2025-05-11T16:42:35.290+05:30  INFO [weather,,] 82161 --- [weather] [           main] com.zaxxer.hikari.pool.HikariPool        : HikariPool-1 - Added connection conn0: url=jdbc:h2:mem:testdb user=SA
2025-05-11T16:42:35.291+05:30  INFO [weather,,] 82161 --- [weather] [           main] com.zaxxer.hikari.HikariDataSource       : HikariPool-1 - Start completed.
2025-05-11T16:42:35.297+05:30 DEBUG [weather,,] 82161 --- [weather] [           main] o.h.e.j.e.i.JdbcEnvironmentInitiator     : Database ->
	   name : H2
	version : 2.3.232 (2024-08-11)
	  major : 2
	  minor : 3
2025-05-11T16:42:35.297+05:30 DEBUG [weather,,] 82161 --- [weather] [           main] o.h.e.j.e.i.JdbcEnvironmentInitiator     : Driver ->
	   name : H2 JDBC Driver
	version : 2.3.232 (2024-08-11)
	  major : 2
	  minor : 3
2025-05-11T16:42:35.297+05:30 DEBUG [weather,,] 82161 --- [weather] [           main] o.h.e.j.e.i.JdbcEnvironmentInitiator     : JDBC version : 4.3
2025-05-11T16:42:35.309+05:30  WARN [weather,,] 82161 --- [weather] [           main] org.hibernate.orm.deprecation            : HHH90000025: H2Dialect does not need to be specified explicitly using 'hibernate.dialect' (remove the property setting and it will be selected by default)
2025-05-11T16:42:35.310+05:30 DEBUG [weather,,] 82161 --- [weather] [           main] org.hibernate.orm.dialect                : HHH035001: Using dialect: org.hibernate.dialect.H2Dialect, version: 2.3.232
2025-05-11T16:42:35.313+05:30 DEBUG [weather,,] 82161 --- [weather] [           main] o.h.e.j.env.spi.IdentifierHelperBuilder  : JDBC driver metadata reported database stores quoted identifiers in neither upper, lower nor mixed case
2025-05-11T16:42:35.329+05:30  INFO [weather,,] 82161 --- [weather] [           main] org.hibernate.orm.connections.pooling    : HHH10001005: Database info:
	Database JDBC URL [Connecting through datasource 'HikariDataSource (HikariPool-1)']
	Database driver: undefined/unknown
	Database version: 2.3.232
	Autocommit mode: undefined/unknown
	Isolation level: undefined/unknown
	Minimum pool size: undefined/unknown
	Maximum pool size: undefined/unknown
2025-05-11T16:42:35.335+05:30 DEBUG [weather,,] 82161 --- [weather] [           main] o.h.t.d.jdbc.spi.JdbcTypeRegistry        : addDescriptor(NCharTypeDescriptor) replaced previous registration(CharTypeDescriptor)
2025-05-11T16:42:35.335+05:30 DEBUG [weather,,] 82161 --- [weather] [           main] o.h.t.d.jdbc.spi.JdbcTypeRegistry        : addDescriptor(NVarcharTypeDescriptor) replaced previous registration(VarcharTypeDescriptor)
2025-05-11T16:42:35.335+05:30 DEBUG [weather,,] 82161 --- [weather] [           main] o.h.t.d.jdbc.spi.JdbcTypeRegistry        : addDescriptor(LongNVarcharTypeDescriptor) replaced previous registration(LongVarcharTypeDescriptor)
2025-05-11T16:42:35.337+05:30 DEBUG [weather,,] 82161 --- [weather] [           main] o.h.t.d.jdbc.spi.JdbcTypeRegistry        : addDescriptor(NClobTypeDescriptor(DEFAULT)) replaced previous registration(ClobTypeDescriptor(DEFAULT))
2025-05-11T16:42:35.342+05:30 DEBUG [weather,,] 82161 --- [weather] [           main] o.h.t.d.jdbc.spi.JdbcTypeRegistry        : addDescriptor(TimestampUtcDescriptor) replaced previous registration(TimestampUtcDescriptor)
2025-05-11T16:42:35.346+05:30 DEBUG [weather,,] 82161 --- [weather] [           main] org.hibernate.type.BasicTypeRegistry     : Adding type registration org.hibernate.type.DurationType -> basicType@1(java.time.Duration,3015)
2025-05-11T16:42:35.346+05:30 DEBUG [weather,,] 82161 --- [weather] [           main] org.hibernate.type.BasicTypeRegistry     : Adding type registration Duration -> basicType@1(java.time.Duration,3015)
2025-05-11T16:42:35.346+05:30 DEBUG [weather,,] 82161 --- [weather] [           main] org.hibernate.type.BasicTypeRegistry     : Adding type registration java.time.Duration -> basicType@1(java.time.Duration,3015)
2025-05-11T16:42:35.348+05:30 DEBUG [weather,,] 82161 --- [weather] [           main] o.h.type.spi.TypeConfiguration$Scope     : Scoping TypeConfiguration [org.hibernate.type.spi.TypeConfiguration@38923cfe] to MetadataBuildingContext [org.hibernate.boot.internal.MetadataBuildingContextRootImpl@1ac3a6f]
2025-05-11T16:42:35.368+05:30 DEBUG [weather,,] 82161 --- [weather] [           main] o.h.boot.model.relational.Namespace      : Created database namespace [logicalName=Name{catalog=null, schema=null}, physicalName=Name{catalog=null, schema=null}]
2025-05-11T16:42:35.381+05:30 DEBUG [weather,,] 82161 --- [weather] [           main] o.h.boot.model.internal.EntityBinder     : Binding entity from annotated class: com.myapp.weather.model.Weather
2025-05-11T16:42:35.384+05:30 DEBUG [weather,,] 82161 --- [weather] [           main] o.h.boot.model.internal.EntityBinder     : Import with entity name Weather
2025-05-11T16:42:35.388+05:30 DEBUG [weather,,] 82161 --- [weather] [           main] o.h.boot.model.internal.EntityBinder     : Bind entity com.myapp.weather.model.Weather on table weather
2025-05-11T16:42:35.394+05:30 DEBUG [weather,,] 82161 --- [weather] [           main] o.h.boot.model.internal.AnnotatedColumn  : Binding column: AnnotatedDiscriminatorColumn(column='DTYPE')
2025-05-11T16:42:35.404+05:30 DEBUG [weather,,] 82161 --- [weather] [           main] o.h.boot.model.internal.AnnotatedColumn  : Binding column: AnnotatedColumn()
2025-05-11T16:42:35.404+05:30 DEBUG [weather,,] 82161 --- [weather] [           main] o.h.boot.internal.ClassLoaderAccessImpl  : Not known whether passed class name [com.myapp.weather.model.Weather] is safe
2025-05-11T16:42:35.404+05:30 DEBUG [weather,,] 82161 --- [weather] [           main] o.h.boot.internal.ClassLoaderAccessImpl  : No temp ClassLoader provided; using live ClassLoader for loading potentially unsafe class : com.myapp.weather.model.Weather
2025-05-11T16:42:35.406+05:30 DEBUG [weather,,] 82161 --- [weather] [           main] o.h.boot.model.internal.PropertyBinder   : MetadataSourceProcessor property id with lazy=false
2025-05-11T16:42:35.408+05:30 DEBUG [weather,,] 82161 --- [weather] [           main] o.h.b.m.internal.AbstractPropertyHolder  : Attempting to locate auto-apply AttributeConverter for property [com.myapp.weather.model.Weather:id]
2025-05-11T16:42:35.411+05:30 DEBUG [weather,,] 82161 --- [weather] [           main] o.h.b.model.internal.BasicValueBinder    : building BasicValue for id
2025-05-11T16:42:35.413+05:30 DEBUG [weather,,] 82161 --- [weather] [           main] org.hibernate.mapping.BasicValue         : Skipping column re-registration: weather.id
2025-05-11T16:42:35.413+05:30 DEBUG [weather,,] 82161 --- [weather] [           main] o.h.boot.model.internal.PropertyBinder   : Building property id
2025-05-11T16:42:35.415+05:30 DEBUG [weather,,] 82161 --- [weather] [           main] o.h.boot.model.internal.BinderHelper     : #makeIdGenerator(BasicValue([Column(id)]), id, identity, , ...)
2025-05-11T16:42:35.417+05:30 DEBUG [weather,,] 82161 --- [weather] [           main] o.h.boot.model.internal.AnnotatedColumn  : Binding column: AnnotatedColumn()
2025-05-11T16:42:35.418+05:30 DEBUG [weather,,] 82161 --- [weather] [           main] o.h.boot.model.internal.PropertyBinder   : MetadataSourceProcessor property city with lazy=false
2025-05-11T16:42:35.418+05:30 DEBUG [weather,,] 82161 --- [weather] [           main] o.h.b.m.internal.AbstractPropertyHolder  : Attempting to locate auto-apply AttributeConverter for property [com.myapp.weather.model.Weather:city]
2025-05-11T16:42:35.418+05:30 DEBUG [weather,,] 82161 --- [weather] [           main] o.h.b.model.internal.BasicValueBinder    : building BasicValue for city
2025-05-11T16:42:35.418+05:30 DEBUG [weather,,] 82161 --- [weather] [           main] org.hibernate.mapping.BasicValue         : Skipping column re-registration: weather.city
2025-05-11T16:42:35.418+05:30 DEBUG [weather,,] 82161 --- [weather] [           main] o.h.boot.model.internal.PropertyBinder   : Building property city
2025-05-11T16:42:35.419+05:30 DEBUG [weather,,] 82161 --- [weather] [           main] o.h.b.r.c.i.ClassLoaderServiceImpl       : HHH000194: Package not found or no package-info.java: com.myapp.weather.model
2025-05-11T16:42:35.421+05:30 DEBUG [weather,,] 82161 --- [weather] [           main] o.h.b.model.internal.BasicValueBinder    : Starting `BasicValueBinder#fillSimpleValue` for id
2025-05-11T16:42:35.422+05:30 DEBUG [weather,,] 82161 --- [weather] [           main] o.h.b.model.internal.BasicValueBinder    : Starting `BasicValueBinder#fillSimpleValue` for city
2025-05-11T16:42:35.425+05:30 DEBUG [weather,,] 82161 --- [weather] [           main] org.hibernate.mapping.PrimaryKey         : Forcing column [id] to be non-null as it is part of the primary key for table [weather]
2025-05-11T16:42:35.463+05:30 DEBUG [weather,,] 82161 --- [weather] [           main] o.hibernate.internal.SessionFactoryImpl  : Building session factory
2025-05-11T16:42:35.485+05:30 DEBUG [weather,,] 82161 --- [weather] [           main] .h.s.i.SessionFactoryServiceRegistryImpl : EventListenerRegistry access via ServiceRegistry is deprecated.  Use `sessionFactory.getEventEngine().getListenerRegistry()` instead
2025-05-11T16:42:35.486+05:30 DEBUG [weather,,] 82161 --- [weather] [           main] o.hibernate.internal.SessionFactoryImpl  : Instantiating SessionFactory with settings: {java.specification.version=17, hibernate.resource.beans.container=org.springframework.orm.hibernate5.SpringBeanContainer@10724a72, hibernate.connection.handling_mode=DELAYED_ACQUISITION_AND_HOLD, sun.jnu.encoding=UTF-8, hibernate.dialect=org.hibernate.dialect.H2Dialect, hibernate.implicit_naming_strategy=org.springframework.boot.orm.jpa.hibernate.SpringImplicitNamingStrategy, java.class.path=/home/yogita/test4/may1/software/ActualSoftwareTest/target/test-classes:/home/yogita/test4/may1/software/ActualSoftwareTest/target/classes:/home/yogita/.m2/repository/org/springframework/boot/spring-boot-starter-data-jpa/3.4.2/spring-boot-starter-data-jpa-3.4.2.jar:/home/yogita/.m2/repository/org/springframework/boot/spring-boot-starter/3.4.2/spring-boot-starter-3.4.2.jar:/home/yogita/.m2/repository/org/springframework/boot/spring-boot/3.4.2/spring-boot-3.4.2.jar:/home/yogita/.m2/repository/org/springframework/boot/spring-boot-autoconfigure/3.4.2/spring-boot-autoconfigure-3.4.2.jar:/home/yogita/.m2/repository/org/springframework/boot/spring-boot-starter-logging/3.4.2/spring-boot-starter-logging-3.4.2.jar:/home/yogita/.m2/repository/ch/qos/logback/logback-classic/1.5.16/logback-classic-1.5.16.jar:/home/yogita/.m2/repository/ch/qos/logback/logback-core/1.5.16/logback-core-1.5.16.jar:/home/yogita/.m2/repository/org/apache/logging/log4j/log4j-to-slf4j/2.24.3/log4j-to-slf4j-2.24.3.jar:/home/yogita/.m2/repository/org/apache/logging/log4j/log4j-api/2.24.3/log4j-api-2.24.3.jar:/home/yogita/.m2/repository/org/slf4j/jul-to-slf4j/2.0.16/jul-to-slf4j-2.0.16.jar:/home/yogita/.m2/repository/org/yaml/snakeyaml/2.3/snakeyaml-2.3.jar:/home/yogita/.m2/repository/org/springframework/boot/spring-boot-starter-jdbc/3.4.2/spring-boot-starter-jdbc-3.4.2.jar:/home/yogita/.m2/repository/com/zaxxer/HikariCP/5.1.0/HikariCP-5.1.0.jar:/home/yogita/.m2/repository/org/springframework/spring-jdbc/6.2.2/spring-jdbc-6.2.2.jar:/home/yogita/.m2/repository/org/hibernate/orm/hibernate-core/6.6.5.Final/hibernate-core-6.6.5.Final.jar:/home/yogita/.m2/repository/jakarta/persistence/jakarta.persistence-api/3.1.0/jakarta.persistence-api-3.1.0.jar:/home/yogita/.m2/repository/jakarta/transaction/jakarta.transaction-api/2.0.1/jakarta.transaction-api-2.0.1.jar:/home/yogita/.m2/repository/org/jboss/logging/jboss-logging/3.6.1.Final/jboss-logging-3.6.1.Final.jar:/home/yogita/.m2/repository/org/hibernate/common/hibernate-commons-annotations/7.0.3.Final/hibernate-commons-annotations-7.0.3.Final.jar:/home/yogita/.m2/repository/io/smallrye/jandex/3.2.0/jandex-3.2.0.jar:/home/yogita/.m2/repository/com/fasterxml/classmate/1.7.0/classmate-1.7.0.jar:/home/yogita/.m2/repository/net/bytebuddy/byte-buddy/1.15.11/byte-buddy-1.15.11.jar:/home/yogita/.m2/repository/org/glassfish/jaxb/jaxb-runtime/4.0.5/jaxb-runtime-4.0.5.jar:/home/yogita/.m2/repository/org/glassfish/jaxb/jaxb-core/4.0.5/jaxb-core-4.0.5.jar:/home/yogita/.m2/repository/org/eclipse/angus/angus-activation/2.0.2/angus-activation-2.0.2.jar:/home/yogita/.m2/repository/org/glassfish/jaxb/txw2/4.0.5/txw2-4.0.5.jar:/home/yogita/.m2/repository/com/sun/istack/istack-commons-runtime/4.1.2/istack-commons-runtime-4.1.2.jar:/home/yogita/.m2/repository/jakarta/inject/jakarta.inject-api/2.0.1/jakarta.inject-api-2.0.1.jar:/home/yogita/.m2/repository/org/antlr/antlr4-runtime/4.13.0/antlr4-runtime-4.13.0.jar:/home/yogita/.m2/repository/org/springframework/data/spring-data-jpa/3.4.2/spring-data-jpa-3.4.2.jar:/home/yogita/.m2/repository/org/springframework/data/spring-data-commons/3.4.2/spring-data-commons-3.4.2.jar:/home/yogita/.m2/repository/org/springframework/spring-orm/6.2.2/spring-orm-6.2.2.jar:/home/yogita/.m2/repository/org/springframework/spring-context/6.2.2/spring-context-6.2.2.jar:/home/yogita/.m2/repository/org/springframework/spring-aop/6.2.2/spring-aop-6.2.2.jar:/home/yogita/.m2/repository/org/springframework/spring-tx/6.2.2/spring-tx-6.2.2.jar:/home/yogita/.m2/repository/org/springframework/spring-beans/6.2.2/spring-beans-6.2.2.jar:/home/yogita/.m2/repository/org/slf4j/slf4j-api/2.0.16/slf4j-api-2.0.16.jar:/home/yogita/.m2/repository/org/springframework/spring-aspects/6.2.2/spring-aspects-6.2.2.jar:/home/yogita/.m2/repository/org/aspectj/aspectjweaver/1.9.22.1/aspectjweaver-1.9.22.1.jar:/home/yogita/.m2/repository/org/springframework/boot/spring-boot-starter-web/3.4.2/spring-boot-starter-web-3.4.2.jar:/home/yogita/.m2/repository/org/springframework/boot/spring-boot-starter-json/3.4.2/spring-boot-starter-json-3.4.2.jar:/home/yogita/.m2/repository/com/fasterxml/jackson/core/jackson-databind/2.18.2/jackson-databind-2.18.2.jar:/home/yogita/.m2/repository/com/fasterxml/jackson/core/jackson-annotations/2.18.2/jackson-annotations-2.18.2.jar:/home/yogita/.m2/repository/com/fasterxml/jackson/core/jackson-core/2.18.2/jackson-core-2.18.2.jar:/home/yogita/.m2/repository/com/fasterxml/jackson/datatype/jackson-datatype-jdk8/2.18.2/jackson-datatype-jdk8-2.18.2.jar:/home/yogita/.m2/repository/com/fasterxml/jackson/datatype/jackson-datatype-jsr310/2.18.2/jackson-datatype-jsr310-2.18.2.jar:/home/yogita/.m2/repository/com/fasterxml/jackson/module/jackson-module-parameter-names/2.18.2/jackson-module-parameter-names-2.18.2.jar:/home/yogita/.m2/repository/org/springframework/spring-web/6.2.2/spring-web-6.2.2.jar:/home/yogita/.m2/repository/org/springframework/spring-webmvc/6.2.2/spring-webmvc-6.2.2.jar:/home/yogita/.m2/repository/org/springframework/spring-expression/6.2.2/spring-expression-6.2.2.jar:/home/yogita/.m2/repository/org/springframework/boot/spring-boot-starter-actuator/3.4.2/spring-boot-starter-actuator-3.4.2.jar:/home/yogita/.m2/repository/org/springframework/boot/spring-boot-actuator-autoconfigure/3.4.2/spring-boot-actuator-autoconfigure-3.4.2.jar:/home/yogita/.m2/repository/org/springframework/boot/spring-boot-actuator/3.4.2/spring-boot-actuator-3.4.2.jar:/home/yogita/.m2/repository/io/micrometer/micrometer-observation/1.14.3/micrometer-observation-1.14.3.jar:/home/yogita/.m2/repository/io/micrometer/micrometer-commons/1.14.3/micrometer-commons-1.14.3.jar:/home/yogita/.m2/repository/io/micrometer/micrometer-jakarta9/1.14.3/micrometer-jakarta9-1.14.3.jar:/home/yogita/.m2/repository/io/micrometer/micrometer-core/1.14.3/micrometer-core-1.14.3.jar:/home/yogita/.m2/repository/org/hdrhistogram/HdrHistogram/2.2.2/HdrHistogram-2.2.2.jar:/home/yogita/.m2/repository/org/latencyutils/LatencyUtils/2.0.3/LatencyUtils-2.0.3.jar:/home/yogita/.m2/repository/com/h2database/h2/2.3.232/h2-2.3.232.jar:/home/yogita/.m2/repository/org/projectlombok/lombok/1.18.36/lombok-1.18.36.jar:/home/yogita/.m2/repository/org/springframework/boot/spring-boot-starter-tomcat/3.4.2/spring-boot-starter-tomcat-3.4.2.jar:/home/yogita/.m2/repository/jakarta/annotation/jakarta.annotation-api/2.1.1/jakarta.annotation-api-2.1.1.jar:/home/yogita/.m2/repository/org/apache/tomcat/embed/tomcat-embed-core/10.1.34/tomcat-embed-core-10.1.34.jar:/home/yogita/.m2/repository/org/apache/tomcat/embed/tomcat-embed-el/10.1.34/tomcat-embed-el-10.1.34.jar:/home/yogita/.m2/repository/org/apache/tomcat/embed/tomcat-embed-websocket/10.1.34/tomcat-embed-websocket-10.1.34.jar:/home/yogita/.m2/repository/org/springframework/boot/spring-boot-starter-test/3.4.2/spring-boot-starter-test-3.4.2.jar:/home/yogita/.m2/repository/org/springframework/boot/spring-boot-test/3.4.2/spring-boot-test-3.4.2.jar:/home/yogita/.m2/repository/org/springframework/boot/spring-boot-test-autoconfigure/3.4.2/spring-boot-test-autoconfigure-3.4.2.jar:/home/yogita/.m2/repository/com/jayway/jsonpath/json-path/2.9.0/json-path-2.9.0.jar:/home/yogita/.m2/repository/jakarta/xml/bind/jakarta.xml.bind-api/4.0.2/jakarta.xml.bind-api-4.0.2.jar:/home/yogita/.m2/repository/jakarta/activation/jakarta.activation-api/2.1.3/jakarta.activation-api-2.1.3.jar:/home/yogita/.m2/repository/net/minidev/json-smart/2.5.1/json-smart-2.5.1.jar:/home/yogita/.m2/repository/net/minidev/accessors-smart/2.5.1/accessors-smart-2.5.1.jar:/home/yogita/.m2/repository/org/ow2/asm/asm/9.6/asm-9.6.jar:/home/yogita/.m2/repository/org/assertj/assertj-core/3.26.3/assertj-core-3.26.3.jar:/home/yogita/.m2/repository/org/awaitility/awaitility/4.2.2/awaitility-4.2.2.jar:/home/yogita/.m2/repository/org/hamcrest/hamcrest/2.2/hamcrest-2.2.jar:/home/yogita/.m2/repository/org/junit/jupiter/junit-jupiter/5.11.4/junit-jupiter-5.11.4.jar:/home/yogita/.m2/repository/org/junit/jupiter/junit-jupiter-api/5.11.4/junit-jupiter-api-5.11.4.jar:/home/yogita/.m2/repository/org/opentest4j/opentest4j/1.3.0/opentest4j-1.3.0.jar:/home/yogita/.m2/repository/org/junit/platform/junit-platform-commons/1.11.4/junit-platform-commons-1.11.4.jar:/home/yogita/.m2/repository/org/apiguardian/apiguardian-api/1.1.2/apiguardian-api-1.1.2.jar:/home/yogita/.m2/repository/org/junit/jupiter/junit-jupiter-params/5.11.4/junit-jupiter-params-5.11.4.jar:/home/yogita/.m2/repository/org/junit/jupiter/junit-jupiter-engine/5.11.4/junit-jupiter-engine-5.11.4.jar:/home/yogita/.m2/repository/org/junit/platform/junit-platform-engine/1.11.4/junit-platform-engine-1.11.4.jar:/home/yogita/.m2/repository/org/mockito/mockito-core/5.14.2/mockito-core-5.14.2.jar:/home/yogita/.m2/repository/net/bytebuddy/byte-buddy-agent/1.15.11/byte-buddy-agent-1.15.11.jar:/home/yogita/.m2/repository/org/objenesis/objenesis/3.3/objenesis-3.3.jar:/home/yogita/.m2/repository/org/mockito/mockito-junit-jupiter/5.14.2/mockito-junit-jupiter-5.14.2.jar:/home/yogita/.m2/repository/org/skyscreamer/jsonassert/1.5.3/jsonassert-1.5.3.jar:/home/yogita/.m2/repository/com/vaadin/external/google/android-json/0.0.20131108.vaadin1/android-json-0.0.20131108.vaadin1.jar:/home/yogita/.m2/repository/org/springframework/spring-core/6.2.2/spring-core-6.2.2.jar:/home/yogita/.m2/repository/org/springframework/spring-jcl/6.2.2/spring-jcl-6.2.2.jar:/home/yogita/.m2/repository/org/springframework/spring-test/6.2.2/spring-test-6.2.2.jar:/home/yogita/.m2/repository/org/xmlunit/xmlunit-core/2.10.0/xmlunit-core-2.10.0.jar:, java.vm.vendor=Ubuntu, sun.arch.data.model=64, java.vendor.url=https://ubuntu.com/, user.timezone=Asia/Kolkata, jakarta.persistence.sharedCache.mode=UNSPECIFIED, org.jboss.logging.provider=slf4j, java.vm.specification.version=17, os.name=Linux, APPLICATION_NAME=weather, jakarta.persistence.nonJtaDataSource=HikariDataSource (HikariPool-1), sun.java.launcher=SUN_STANDARD, user.country=IN, sun.boot.library.path=/usr/lib/jvm/java-17-openjdk-amd64/lib, sun.java.command=/home/yogita/test4/may1/software/ActualSoftwareTest/target/surefire/surefirebooter-20250511164232724_3.jar /home/yogita/test4/may1/software/ActualSoftwareTest/target/surefire 2025-05-11T16-42-32_663-jvmRun1 surefire-20250511164232724_1tmp surefire_0-20250511164232724_2tmp, javax.persistence.nonJtaDataSource=HikariDataSource (HikariPool-1), hibernate.transaction.jta.platform=org.hibernate.engine.transaction.jta.platform.internal.NoJtaPlatform@25435731, jdk.debug=release, surefire.test.class.path=/home/yogita/test4/may1/software/ActualSoftwareTest/target/test-classes:/home/yogita/test4/may1/software/ActualSoftwareTest/target/classes:/home/yogita/.m2/repository/org/springframework/boot/spring-boot-starter-data-jpa/3.4.2/spring-boot-starter-data-jpa-3.4.2.jar:/home/yogita/.m2/repository/org/springframework/boot/spring-boot-starter/3.4.2/spring-boot-starter-3.4.2.jar:/home/yogita/.m2/repository/org/springframework/boot/spring-boot/3.4.2/spring-boot-3.4.2.jar:/home/yogita/.m2/repository/org/springframework/boot/spring-boot-autoconfigure/3.4.2/spring-boot-autoconfigure-3.4.2.jar:/home/yogita/.m2/repository/org/springframework/boot/spring-boot-starter-logging/3.4.2/spring-boot-starter-logging-3.4.2.jar:/home/yogita/.m2/repository/ch/qos/logback/logback-classic/1.5.16/logback-classic-1.5.16.jar:/home/yogita/.m2/repository/ch/qos/logback/logback-core/1.5.16/logback-core-1.5.16.jar:/home/yogita/.m2/repository/org/apache/logging/log4j/log4j-to-slf4j/2.24.3/log4j-to-slf4j-2.24.3.jar:/home/yogita/.m2/repository/org/apache/logging/log4j/log4j-api/2.24.3/log4j-api-2.24.3.jar:/home/yogita/.m2/repository/org/slf4j/jul-to-slf4j/2.0.16/jul-to-slf4j-2.0.16.jar:/home/yogita/.m2/repository/org/yaml/snakeyaml/2.3/snakeyaml-2.3.jar:/home/yogita/.m2/repository/org/springframework/boot/spring-boot-starter-jdbc/3.4.2/spring-boot-starter-jdbc-3.4.2.jar:/home/yogita/.m2/repository/com/zaxxer/HikariCP/5.1.0/HikariCP-5.1.0.jar:/home/yogita/.m2/repository/org/springframework/spring-jdbc/6.2.2/spring-jdbc-6.2.2.jar:/home/yogita/.m2/repository/org/hibernate/orm/hibernate-core/6.6.5.Final/hibernate-core-6.6.5.Final.jar:/home/yogita/.m2/repository/jakarta/persistence/jakarta.persistence-api/3.1.0/jakarta.persistence-api-3.1.0.jar:/home/yogita/.m2/repository/jakarta/transaction/jakarta.transaction-api/2.0.1/jakarta.transaction-api-2.0.1.jar:/home/yogita/.m2/repository/org/jboss/logging/jboss-logging/3.6.1.Final/jbos
[...]
      Did not match:
         - @ConditionalOnClass did not find required class 'org.springframework.data.rest.webmvc.config.RepositoryRestMvcConfiguration' (OnClassCondition)

   Saml2RelyingPartyAutoConfiguration:
      Did not match:
         - @ConditionalOnClass did not find required class 'org.springframework.security.saml2.provider.service.registration.RelyingPartyRegistrationRepository' (OnClassCondition)

   SbomEndpointAutoConfiguration:
      Did not match:
         - @ConditionalOnAvailableEndpoint not exposed (OnAvailableEndpointCondition)

   ScheduledTasksEndpointAutoConfiguration:
      Did not match:
         - @ConditionalOnAvailableEndpoint not exposed (OnAvailableEndpointCondition)

   SecurityAutoConfiguration:
      Did not match:
         - @ConditionalOnClass did not find required class 'org.springframework.security.authentication.DefaultAuthenticationEventPublisher' (OnClassCondition)

   SecurityFilterAutoConfiguration:
      Did not match:
         - @ConditionalOnClass did not find required class 'org.springframework.security.config.http.SessionCreationPolicy' (OnClassCondition)

   SecurityRequestMatchersManagementContextConfiguration:
      Did not match:
         - @ConditionalOnClass did not find required class 'org.springframework.security.web.util.matcher.RequestMatcher' (OnClassCondition)

   SendGridAutoConfiguration:
      Did not match:
         - @ConditionalOnClass did not find required class 'com.sendgrid.SendGrid' (OnClassCondition)

   ServletEndpointManagementContextConfiguration.JerseyServletEndpointManagementContextConfiguration:
      Did not match:
         - @ConditionalOnClass did not find required class 'org.glassfish.jersey.server.ResourceConfig' (OnClassCondition)

   ServletManagementContextAutoConfiguration.ApplicationContextFilterConfiguration:
      Did not match:
         - @ConditionalOnProperty (management.server.add-application-context-header=true) did not find property 'add-application-context-header' (OnPropertyCondition)

   ServletWebServerFactoryAutoConfiguration.ForwardedHeaderFilterConfiguration:
      Did not match:
         - @ConditionalOnProperty (server.forward-headers-strategy=framework) did not find property 'server.forward-headers-strategy' (OnPropertyCondition)

   ServletWebServerFactoryConfiguration.EmbeddedJetty:
      Did not match:
         - @ConditionalOnClass did not find required classes 'org.eclipse.jetty.server.Server', 'org.eclipse.jetty.util.Loader', 'org.eclipse.jetty.ee10.webapp.WebAppContext' (OnClassCondition)

   ServletWebServerFactoryConfiguration.EmbeddedUndertow:
      Did not match:
         - @ConditionalOnClass did not find required classes 'io.undertow.Undertow', 'org.xnio.SslClientAuthMode' (OnClassCondition)

   SessionAutoConfiguration:
      Did not match:
         - @ConditionalOnClass did not find required class 'org.springframework.session.Session' (OnClassCondition)

   SessionsEndpointAutoConfiguration:
      Did not match:
         - @ConditionalOnClass did not find required class 'org.springframework.session.Session' (OnClassCondition)

   ShutdownEndpointAutoConfiguration:
      Did not match:
         - @ConditionalOnAvailableEndpoint the configured access for endpoint 'shutdown' is NONE (OnAvailableEndpointCondition)

   SignalFxMetricsExportAutoConfiguration:
      Did not match:
         - @ConditionalOnClass did not find required class 'io.micrometer.signalfx.SignalFxMeterRegistry' (OnClassCondition)

   SpringApplicationAdminJmxAutoConfiguration:
      Did not match:
         - @ConditionalOnProperty (spring.application.admin.enabled=true) did not find property 'enabled' (OnPropertyCondition)

   StackdriverMetricsExportAutoConfiguration:
      Did not match:
         - @ConditionalOnClass did not find required class 'io.micrometer.stackdriver.StackdriverMeterRegistry' (OnClassCondition)

   StartupEndpointAutoConfiguration:
      Did not match:
         - ApplicationStartup configured applicationStartup is of type class org.springframework.core.metrics.DefaultApplicationStartup, expected BufferingApplicationStartup. (StartupEndpointAutoConfiguration.ApplicationStartupCondition)

   StatsdMetricsExportAutoConfiguration:
      Did not match:
         - @ConditionalOnClass did not find required class 'io.micrometer.statsd.StatsdMeterRegistry' (OnClassCondition)

   TaskExecutorConfigurations.SimpleAsyncTaskExecutorBuilderConfiguration#simpleAsyncTaskExecutorBuilderVirtualThreads:
      Did not match:
         - @ConditionalOnMissingBean (types: org.springframework.boot.task.SimpleAsyncTaskExecutorBuilder; SearchStrategy: all) found beans of type 'org.springframework.boot.task.SimpleAsyncTaskExecutorBuilder' simpleAsyncTaskExecutorBuilder (OnBeanCondition)

   TaskExecutorConfigurations.TaskExecutorConfiguration#applicationTaskExecutorVirtualThreads:
      Did not match:
         - @ConditionalOnThreading did not find VIRTUAL (OnThreadingCondition)

   TaskSchedulingAutoConfiguration#scheduledBeanLazyInitializationExcludeFilter:
      Did not match:
         - @ConditionalOnBean (names: org.springframework.context.annotation.internalScheduledAnnotationProcessor; SearchStrategy: all) did not find any beans named org.springframework.context.annotation.internalScheduledAnnotationProcessor (OnBeanCondition)

   TaskSchedulingConfigurations.SimpleAsyncTaskSchedulerBuilderConfiguration#simpleAsyncTaskSchedulerBuilderVirtualThreads:
      Did not match:
         - @ConditionalOnMissingBean (types: org.springframework.boot.task.SimpleAsyncTaskSchedulerBuilder; SearchStrategy: all) found beans of type 'org.springframework.boot.task.SimpleAsyncTaskSchedulerBuilder' simpleAsyncTaskSchedulerBuilder (OnBeanCondition)

   TaskSchedulingConfigurations.TaskSchedulerConfiguration:
      Did not match:
         - @ConditionalOnBean (names: org.springframework.context.annotation.internalScheduledAnnotationProcessor; SearchStrategy: all) did not find any beans named org.springframework.context.annotation.internalScheduledAnnotationProcessor (OnBeanCondition)

   ThreadDumpEndpointAutoConfiguration:
      Did not match:
         - @ConditionalOnAvailableEndpoint not exposed (OnAvailableEndpointCondition)

   ThymeleafAutoConfiguration:
      Did not match:
         - @ConditionalOnClass did not find required class 'org.thymeleaf.spring6.SpringTemplateEngine' (OnClassCondition)

   TransactionAutoConfiguration#transactionalOperator:
      Did not match:
         - @ConditionalOnSingleCandidate (types: org.springframework.transaction.ReactiveTransactionManager; SearchStrategy: all) did not find any beans (OnBeanCondition)

   TransactionAutoConfiguration.AspectJTransactionManagementConfiguration:
      Did not match:
         - @ConditionalOnBean (types: org.springframework.transaction.aspectj.AbstractTransactionAspect; SearchStrategy: all) did not find any beans of type org.springframework.transaction.aspectj.AbstractTransactionAspect (OnBeanCondition)

   TransactionAutoConfiguration.EnableTransactionManagementConfiguration.JdkDynamicAutoProxyConfiguration:
      Did not match:
         - @ConditionalOnProperty (spring.aop.proxy-target-class=false) did not find property 'proxy-target-class' (OnPropertyCondition)

   UserDetailsServiceAutoConfiguration:
      Did not match:
         - @ConditionalOnClass did not find required class 'org.springframework.security.authentication.AuthenticationManager' (OnClassCondition)

   ValidationAutoConfiguration:
      Did not match:
         - @ConditionalOnClass did not find required class 'jakarta.validation.executable.ExecutableValidator' (OnClassCondition)

   WavefrontAutoConfiguration:
      Did not match:
         - @ConditionalOnClass did not find required class 'com.wavefront.sdk.common.application.ApplicationTags' (OnClassCondition)

   WavefrontMetricsExportAutoConfiguration:
      Did not match:
         - @ConditionalOnClass did not find required class 'com.wavefront.sdk.common.WavefrontSender' (OnClassCondition)

   WavefrontTracingAutoConfiguration:
      Did not match:
         - @ConditionalOnClass did not find required class 'com.wavefront.sdk.common.WavefrontSender' (OnClassCondition)

   WebClientAutoConfiguration:
      Did not match:
         - @ConditionalOnClass did not find required class 'org.springframework.web.reactive.function.client.WebClient' (OnClassCondition)

   WebClientObservationConfiguration:
      Did not match:
         - @ConditionalOnClass did not find required class 'org.springframework.web.reactive.function.client.WebClient' (OnClassCondition)

   WebFluxAutoConfiguration:
      Did not match:
         - @ConditionalOnClass did not find required class 'org.springframework.web.reactive.config.WebFluxConfigurer' (OnClassCondition)

   WebFluxEndpointManagementContextConfiguration:
      Did not match:
         - @ConditionalOnClass did not find required class 'org.springframework.web.reactive.DispatcherHandler' (OnClassCondition)

   WebFluxObservationAutoConfiguration:
      Did not match:
         - @ConditionalOnWebApplication did not find reactive web application classes (OnWebApplicationCondition)

   WebMvcAutoConfiguration#hiddenHttpMethodFilter:
      Did not match:
         - @ConditionalOnProperty (spring.mvc.hiddenmethod.filter.enabled) did not find property 'enabled' (OnPropertyCondition)

   WebMvcAutoConfiguration.ProblemDetailsErrorHandlingConfiguration:
      Did not match:
         - @ConditionalOnProperty (spring.mvc.problemdetails.enabled=true) did not find property 'enabled' (OnPropertyCondition)

   WebMvcAutoConfiguration.ResourceChainCustomizerConfiguration:
      Did not match:
         - @ConditionalOnEnabledResourceChain did not find class org.webjars.WebJarVersionLocator (OnEnabledResourceChainCondition)

   WebMvcAutoConfiguration.WebMvcAutoConfigurationAdapter#beanNameViewResolver:
      Did not match:
         - @ConditionalOnMissingBean (types: org.springframework.web.servlet.view.BeanNameViewResolver; SearchStrategy: all) found beans of type 'org.springframework.web.servlet.view.BeanNameViewResolver' beanNameViewResolver (OnBeanCondition)

   WebMvcEndpointManagementContextConfiguration#managementHealthEndpointWebMvcHandlerMapping:
      Did not match:
         - Management Port actual port type (SAME) did not match required type (DIFFERENT) (OnManagementPortCondition)

   WebServiceTemplateAutoConfiguration:
      Did not match:
         - @ConditionalOnClass did not find required class 'org.springframework.oxm.Marshaller' (OnClassCondition)

   WebServicesAutoConfiguration:
      Did not match:
         - @ConditionalOnClass did not find required class 'org.springframework.ws.transport.http.MessageDispatcherServlet' (OnClassCondition)

   WebSessionIdResolverAutoConfiguration:
      Did not match:
         - @ConditionalOnClass did not find required class 'reactor.core.publisher.Mono' (OnClassCondition)

   WebSocketMessagingAutoConfiguration:
      Did not match:
         - @ConditionalOnClass did not find required class 'org.springframework.web.socket.config.annotation.WebSocketMessageBrokerConfigurer' (OnClassCondition)

   WebSocketReactiveAutoConfiguration:
      Did not match:
         - @ConditionalOnWebApplication did not find reactive web application classes (OnWebApplicationCondition)

   WebSocketServletAutoConfiguration.JettyWebSocketConfiguration:
      Did not match:
         - @ConditionalOnClass did not find required class 'org.eclipse.jetty.ee10.websocket.jakarta.server.config.JakartaWebSocketServletContainerInitializer' (OnClassCondition)

   WebSocketServletAutoConfiguration.UndertowWebSocketConfiguration:
      Did not match:
         - @ConditionalOnClass did not find required class 'io.undertow.websockets.jsr.Bootstrap' (OnClassCondition)

   XADataSourceAutoConfiguration:
      Did not match:
         - @ConditionalOnBean (types: org.springframework.boot.jdbc.XADataSourceWrapper; SearchStrategy: all) did not find any beans of type org.springframework.boot.jdbc.XADataSourceWrapper (OnBeanCondition)
      Matched:
         - @ConditionalOnClass found required classes 'javax.sql.DataSource', 'jakarta.transaction.TransactionManager', 'org.springframework.jdbc.datasource.embedded.EmbeddedDatabaseType' (OnClassCondition)

   ZipkinAutoConfiguration:
      Did not match:
         - @ConditionalOnClass did not find required class 'zipkin2.reporter.Encoding' (OnClassCondition)


Exclusions:
-----------

    None


Unconditional classes:
----------------------

    org.springframework.boot.autoconfigure.context.ConfigurationPropertiesAutoConfiguration

    org.springframework.boot.actuate.autoconfigure.availability.AvailabilityHealthContributorAutoConfiguration

    org.springframework.boot.autoconfigure.ssl.SslAutoConfiguration

    org.springframework.boot.actuate.autoconfigure.info.InfoContributorAutoConfiguration

    org.springframework.boot.autoconfigure.context.PropertyPlaceholderAutoConfiguration

    org.springframework.boot.autoconfigure.context.LifecycleAutoConfiguration

    org.springframework.boot.actuate.autoconfigure.metrics.integration.IntegrationMetricsAutoConfiguration

    org.springframework.boot.actuate.autoconfigure.endpoint.EndpointAutoConfiguration

    org.springframework.boot.actuate.autoconfigure.web.server.ManagementContextAutoConfiguration

    org.springframework.boot.actuate.autoconfigure.health.HealthContributorAutoConfiguration

    org.springframework.boot.actuate.autoconfigure.endpoint.jackson.JacksonEndpointAutoConfiguration

    org.springframework.boot.autoconfigure.availability.ApplicationAvailabilityAutoConfiguration

    org.springframework.boot.autoconfigure.info.ProjectInfoAutoConfiguration



2025-05-11T16:42:37.192+05:30  INFO [weather,,] 82161 --- [weather] [           main] c.myapp.weather.WeatherApplicationTests  : Started WeatherApplicationTests in 3.777 seconds (process running for 4.42)
2025-05-11T16:42:37.231+05:30 DEBUG [weather,,] 82161 --- [weather] [           main] o.s.b.a.ApplicationAvailabilityBean      : Application availability state LivenessState changed to CORRECT
2025-05-11T16:42:37.233+05:30 DEBUG [weather,,] 82161 --- [weather] [           main] o.s.b.a.ApplicationAvailabilityBean      : Application availability state ReadinessState changed to ACCEPTING_TRAFFIC
2025-05-11T16:42:37.234+05:30 DEBUG [weather,,] 82161 --- [weather] [           main] org.springframework.test.context.cache   : Spring test ApplicationContext cache statistics: [DefaultContextCache@30ae6721 size = 1, maxSize = 32, parentContextCount = 0, hitCount = 0, missCount = 1, failureCount = 0]
2025-05-11T16:42:37.234+05:30 DEBUG [weather,,] 82161 --- [weather] [           main] o.s.t.c.w.ServletTestExecutionListener   : Setting up MockHttpServletRequest, MockHttpServletResponse, ServletWebRequest, and RequestContextHolder for test class com.myapp.weather.WeatherApplicationTests
2025-05-11T16:42:37.241+05:30 DEBUG [weather,,] 82161 --- [weather] [           main] DependencyInjectionTestExecutionListener : Performing dependency injection for test class com.myapp.weather.WeatherApplicationTests
2025-05-11T16:42:37.242+05:30 DEBUG [weather,,] 82161 --- [weather] [           main] org.springframework.test.context.cache   : Spring test ApplicationContext cache statistics: [DefaultContextCache@30ae6721 size = 1, maxSize = 32, parentContextCount = 0, hitCount = 1, missCount = 1, failureCount = 0]
2025-05-11T16:42:37.242+05:30 DEBUG [weather,,] 82161 --- [weather] [           main] org.springframework.test.context.cache   : Spring test ApplicationContext cache statistics: [DefaultContextCache@30ae6721 size = 1, maxSize = 32, parentContextCount = 0, hitCount = 2, missCount = 1, failureCount = 0]
2025-05-11T16:42:37.246+05:30 DEBUG [weather,,] 82161 --- [weather] [           main] sContextBeforeModesTestExecutionListener : Before test method: class [WeatherApplicationTests], method [contextLoads], class annotated with @DirtiesContext [false] with mode [null], method annotated with @DirtiesContext [false] with mode [null]
2025-05-11T16:42:37.247+05:30 DEBUG [weather,,] 82161 --- [weather] [           main] org.springframework.test.context.cache   : Spring test ApplicationContext cache statistics: [DefaultContextCache@30ae6721 size = 1, maxSize = 32, parentContextCount = 0, hitCount = 3, missCount = 1, failureCount = 0]
2025-05-11T16:42:37.247+05:30 DEBUG [weather,,] 82161 --- [weather] [           main] org.springframework.test.context.cache   : Spring test ApplicationContext cache statistics: [DefaultContextCache@30ae6721 size = 1, maxSize = 32, parentContextCount = 0, hitCount = 4, missCount = 1, failureCount = 0]
2025-05-11T16:42:37.632+05:30 DEBUG [weather,,] 82161 --- [weather] [           main] org.springframework.test.context.cache   : Spring test ApplicationContext cache statistics: [DefaultContextCache@30ae6721 size = 1, maxSize = 32, parentContextCount = 0, hitCount = 5, missCount = 1, failureCount = 0]
2025-05-11T16:42:37.635+05:30 DEBUG [weather,,] 82161 --- [weather] [           main] org.springframework.test.context.cache   : Spring test ApplicationContext cache statistics: [DefaultContextCache@30ae6721 size = 1, maxSize = 32, parentContextCount = 0, hitCount = 6, missCount = 1, failureCount = 0]
2025-05-11T16:42:37.639+05:30 DEBUG [weather,,] 82161 --- [weather] [           main] org.springframework.test.context.cache   : Spring test ApplicationContext cache statistics: [DefaultContextCache@30ae6721 size = 1, maxSize = 32, parentContextCount = 0, hitCount = 7, missCount = 1, failureCount = 0]
2025-05-11T16:42:37.639+05:30 DEBUG [weather,,] 82161 --- [weather] [           main] org.springframework.test.context.cache   : Spring test ApplicationContext cache statistics: [DefaultContextCache@30ae6721 size = 1, maxSize = 32, parentContextCount = 0, hitCount = 8, missCount = 1, failureCount = 0]
2025-05-11T16:42:37.640+05:30 DEBUG [weather,,] 82161 --- [weather] [           main] org.springframework.test.context.cache   : Spring test ApplicationContext cache statistics: [DefaultContextCache@30ae6721 size = 1, maxSize = 32, parentContextCount = 0, hitCount = 9, missCount = 1, failureCount = 0]
2025-05-11T16:42:37.640+05:30 DEBUG [weather,,] 82161 --- [weather] [           main] org.springframework.test.context.cache   : Spring test ApplicationContext cache statistics: [DefaultContextCache@30ae6721 size = 1, maxSize = 32, parentContextCount = 0, hitCount = 10, missCount = 1, failureCount = 0]
2025-05-11T16:42:37.641+05:30 DEBUG [weather,,] 82161 --- [weather] [           main] org.springframework.test.context.cache   : Spring test ApplicationContext cache statistics: [DefaultContextCache@30ae6721 size = 1, maxSize = 32, parentContextCount = 0, hitCount = 11, missCount = 1, failureCount = 0]
2025-05-11T16:42:37.642+05:30 DEBUG [weather,,] 82161 --- [weather] [           main] org.springframework.test.context.cache   : Spring test ApplicationContext cache statistics: [DefaultContextCache@30ae6721 size = 1, maxSize = 32, parentContextCount = 0, hitCount = 12, missCount = 1, failureCount = 0]
2025-05-11T16:42:37.643+05:30 DEBUG [weather,,] 82161 --- [weather] [           main] org.springframework.test.context.cache   : Spring test ApplicationContext cache statistics: [DefaultContextCache@30ae6721 size = 1, maxSize = 32, parentContextCount = 0, hitCount = 13, missCount = 1, failureCount = 0]
2025-05-11T16:42:37.643+05:30 DEBUG [weather,,] 82161 --- [weather] [           main] .c.s.DirtiesContextTestExecutionListener : After test method: class [WeatherApplicationTests], method [contextLoads], class annotated with @DirtiesContext [false] with mode [null], method annotated with @DirtiesContext [false] with mode [null]
2025-05-11T16:42:37.643+05:30 DEBUG [weather,,] 82161 --- [weather] [           main] o.s.t.c.w.ServletTestExecutionListener   : Resetting RequestContextHolder for test class com.myapp.weather.WeatherApplicationTests
]]></system-out>
  </testcase>
</testsuite>